Using pre-set license
Built from '2022.3/respin/2022.3.62f2-4af31df585-v2' branch; Version is '2022.3.62f2 (7670c08855a9) revision 7762112'; Using compiler version '192829333'; Build Type 'Release'
OS: 'Windows 11  (10.0.26100) 64bit Professional' Language: 'tr' Physical Memory: 16128 MB
BatchMode: 1, IsHumanControllingUs: 0, StartBugReporterOnCrash: 0, Is64bit: 1, IsPro: 1

COMMAND LINE ARGUMENTS:
C:\Program Files\Unity\Hub\Editor\2022.3.62f2\Editor\Unity.exe
-adb2
-batchMode
-noUpm
-name
AssetImportWorker0
-projectPath
C:/Users/Batuhan/Documents/GitHub/NLS
-logFile
Logs/AssetImportWorker0.log
-srvPort
52961
Successfully changed project path to: C:/Users/Batuhan/Documents/GitHub/NLS
C:/Users/Batuhan/Documents/GitHub/NLS
[UnityMemory] Configuration Parameters - Can be set up in boot.config
    "memorysetup-bucket-allocator-granularity=16"
    "memorysetup-bucket-allocator-bucket-count=8"
    "memorysetup-bucket-allocator-block-size=33554432"
    "memorysetup-bucket-allocator-block-count=8"
    "memorysetup-main-allocator-block-size=16777216"
    "memorysetup-thread-allocator-block-size=16777216"
    "memorysetup-gfx-main-allocator-block-size=16777216"
    "memorysetup-gfx-thread-allocator-block-size=16777216"
    "memorysetup-cache-allocator-block-size=4194304"
    "memorysetup-typetree-allocator-block-size=2097152"
    "memorysetup-profiler-bucket-allocator-granularity=16"
    "memorysetup-profiler-bucket-allocator-bucket-count=8"
    "memorysetup-profiler-bucket-allocator-block-size=33554432"
    "memorysetup-profiler-bucket-allocator-block-count=8"
    "memorysetup-profiler-allocator-block-size=16777216"
    "memorysetup-profiler-editor-allocator-block-size=1048576"
    "memorysetup-temp-allocator-size-main=16777216"
    "memorysetup-job-temp-allocator-block-size=2097152"
    "memorysetup-job-temp-allocator-block-size-background=1048576"
    "memorysetup-job-temp-allocator-reduction-small-platforms=262144"
    "memorysetup-allocator-temp-initial-block-size-main=262144"
    "memorysetup-allocator-temp-initial-block-size-worker=262144"
    "memorysetup-temp-allocator-size-background-worker=32768"
    "memorysetup-temp-allocator-size-job-worker=262144"
    "memorysetup-temp-allocator-size-preload-manager=33554432"
    "memorysetup-temp-allocator-size-nav-mesh-worker=65536"
    "memorysetup-temp-allocator-size-audio-worker=65536"
    "memorysetup-temp-allocator-size-cloud-worker=32768"
    "memorysetup-temp-allocator-size-gi-baking-worker=262144"
    "memorysetup-temp-allocator-size-gfx=262144"
Player connection [78400]  Target information:

Player connection [78400]  * "[IP] 192.168.1.88 [Port] 0 [Flags] 2 [Guid] 141529577 [EditorId] 141529577 [Version] 1048832 [Id] WindowsEditor(7,DESKTOP-V6UR2GE) [Debug] 1 [PackageName] WindowsEditor [ProjectName] Editor" 

Player connection [78400] Host joined multi-casting on [225.0.0.222:54997]...
Player connection [78400] Host joined alternative multi-casting on [225.0.0.222:34997]...
Input System module state changed to: Initialized.
[PhysX] Initialized MultithreadedTaskDispatcher with 20 workers.
Refreshing native plugins compatible for Editor in 14.54 ms, found 3 plugins.
Preloading 0 native plugins for Editor in 0.00 ms.
Initialize engine version: 2022.3.62f2 (7670c08855a9)
[Subsystems] Discovering subsystems at path C:/Program Files/Unity/Hub/Editor/2022.3.62f2/Editor/Data/Resources/UnitySubsystems
[Subsystems] Discovering subsystems at path C:/Users/Batuhan/Documents/GitHub/NLS/Assets
GfxDevice: creating device client; threaded=0; jobified=0
Direct3D:
    Version:  Direct3D 11.0 [level 11.1]
    Renderer: NVIDIA GeForce RTX 3050 Ti Laptop GPU (ID=0x25a0)
    Vendor:   NVIDIA
    VRAM:     3962 MB
    Driver:   32.0.15.8115
Initialize mono
Mono path[0] = 'C:/Program Files/Unity/Hub/Editor/2022.3.62f2/Editor/Data/Managed'
Mono path[1] = 'C:/Program Files/Unity/Hub/Editor/2022.3.62f2/Editor/Data/MonoBleedingEdge/lib/mono/unityjit-win32'
Mono config path = 'C:/Program Files/Unity/Hub/Editor/2022.3.62f2/Editor/Data/MonoBleedingEdge/etc'
Using monoOptions --debugger-agent=transport=dt_socket,embedding=1,server=y,suspend=n,address=127.0.0.1:56952
Begin MonoManager ReloadAssembly
Registering precompiled unity dll's ...
Register platform support module: C:/Program Files/Unity/Hub/Editor/2022.3.62f2/Editor/Data/PlaybackEngines/AndroidPlayer/UnityEditor.Android.Extensions.dll
Register platform support module: C:/Program Files/Unity/Hub/Editor/2022.3.62f2/Editor/Data/PlaybackEngines/iOSSupport/UnityEditor.iOS.Extensions.dll
Register platform support module: C:/Program Files/Unity/Hub/Editor/2022.3.62f2/Editor/Data/PlaybackEngines/WindowsStandaloneSupport/UnityEditor.WindowsStandalone.Extensions.dll
Registered in 0.008009 seconds.
- Loaded All Assemblies, in  0.463 seconds
Native extension for WindowsStandalone target not found
[usbmuxd] Start listen thread
[usbmuxd] Listen thread started
Native extension for iOS target not found
Native extension for Android target not found
Android Extension - Scanning For ADB Devices 450 ms
Mono: successfully reloaded assembly
- Finished resetting the current domain, in  0.842 seconds
Domain Reload Profiling: 1303ms
	BeginReloadAssembly (144ms)
		ExecutionOrderSort (0ms)
		DisableScriptedObjects (0ms)
		BackupInstance (0ms)
		ReleaseScriptingObjects (0ms)
		CreateAndSetChildDomain (1ms)
	RebuildCommonClasses (42ms)
	RebuildNativeTypeToScriptingClass (10ms)
	initialDomainReloadingComplete (69ms)
	LoadAllAssembliesAndSetupDomain (195ms)
		LoadAssemblies (144ms)
		RebuildTransferFunctionScriptingTraits (0ms)
		AnalyzeDomain (192ms)
			TypeCache.Refresh (189ms)
				TypeCache.ScanAssembly (170ms)
			ScanForSourceGeneratedMonoScriptInfo (1ms)
			ResolveRequiredComponents (1ms)
	FinalizeReload (842ms)
		ReleaseScriptCaches (0ms)
		RebuildScriptCaches (0ms)
		SetupLoadedEditorAssemblies (777ms)
			LogAssemblyErrors (0ms)
			InitializePlatformSupportModulesInManaged (583ms)
			SetLoadedEditorAssemblies (5ms)
			RefreshPlugins (0ms)
			BeforeProcessingInitializeOnLoad (2ms)
			ProcessInitializeOnLoadAttributes (133ms)
			ProcessInitializeOnLoadMethodAttributes (54ms)
			AfterProcessingInitializeOnLoad (0ms)
			EditorAssembliesLoaded (0ms)
		ExecutionOrderSort2 (0ms)
		AwakeInstancesAfterBackupRestoration (0ms)
========================================================================
Worker process is ready to serve import requests
Caller must complete domain reload
Begin MonoManager ReloadAssembly
- Loaded All Assemblies, in  1.072 seconds
Native extension for WindowsStandalone target not found
Native extension for iOS target not found
Native extension for Android target not found
Mono: successfully reloaded assembly
- Finished resetting the current domain, in  0.974 seconds
Domain Reload Profiling: 2043ms
	BeginReloadAssembly (184ms)
		ExecutionOrderSort (0ms)
		DisableScriptedObjects (6ms)
		BackupInstance (0ms)
		ReleaseScriptingObjects (0ms)
		CreateAndSetChildDomain (24ms)
	RebuildCommonClasses (39ms)
	RebuildNativeTypeToScriptingClass (11ms)
	initialDomainReloadingComplete (52ms)
	LoadAllAssembliesAndSetupDomain (783ms)
		LoadAssemblies (619ms)
		RebuildTransferFunctionScriptingTraits (0ms)
		AnalyzeDomain (276ms)
			TypeCache.Refresh (234ms)
				TypeCache.ScanAssembly (211ms)
			ScanForSourceGeneratedMonoScriptInfo (28ms)
			ResolveRequiredComponents (13ms)
	FinalizeReload (975ms)
		ReleaseScriptCaches (0ms)
		RebuildScriptCaches (0ms)
		SetupLoadedEditorAssemblies (748ms)
			LogAssemblyErrors (0ms)
			InitializePlatformSupportModulesInManaged (40ms)
			SetLoadedEditorAssemblies (7ms)
			RefreshPlugins (0ms)
			BeforeProcessingInitializeOnLoad (98ms)
			ProcessInitializeOnLoadAttributes (481ms)
			ProcessInitializeOnLoadMethodAttributes (114ms)
			AfterProcessingInitializeOnLoad (7ms)
			EditorAssembliesLoaded (0ms)
		ExecutionOrderSort2 (0ms)
		AwakeInstancesAfterBackupRestoration (13ms)
Launched and connected shader compiler UnityShaderCompiler.exe after 0.08 seconds
Refreshing native plugins compatible for Editor in 7.82 ms, found 3 plugins.
Preloading 0 native plugins for Editor in 0.00 ms.
Unloading 5136 Unused Serialized files (Serialized files now loaded: 0)
Unloading 26 unused Assets / (349.0 KB). Loaded Objects now: 5619.
Memory consumption went from 215.3 MB to 215.0 MB.
Total: 6.390000 ms (FindLiveObjects: 0.676700 ms CreateObjectMapping: 0.557100 ms MarkObjects: 4.851100 ms  DeleteObjects: 0.303300 ms)

AssetImportParameters requested are different than current active one (requested -> active):
  custom:container-demuxer-ogg: 62fdf1f143b41e24485cea50d1cbac27 -> 
  custom:video-decoder-ogg-theora: a1e56fd34408186e4bbccfd4996cb3dc -> 
  custom:framework-win-MediaFoundation: 216162199b28c13a410421893ffa2e32 -> 
  custom:CustomObjectIndexerAttribute: 72b91833f83ae208fae7752999fa3104 -> 
  custom:container-demuxer-webm: 4f35f7cbe854078d1ac9338744f61a02 -> 
  custom:container-muxer-webm: aa71ff27fc2769a1b78a27578f13a17b -> 
  custom:video-decoder-webm-vp8: 9c59270c3fd7afecdb556c50c9e8de78 -> 
  custom:SearchIndexIgnoredProperties: e643bd26f0fe6173181afceb89e7c659 -> 
  custom:AudioImporter_EditorPlatform: d09bf68614088b80899f8185d706f6e7 -> 
  custom:video-encoder-webm-vp8: eb34c28f22e8b96e1ab97ce403110664 -> 
  custom:audio-decoder-ogg-vorbis: bf7c407c2cedff20999df2af8eb42d56 -> 
  custom:audio-encoder-webm-vorbis: bf7c407c2cedff20999df2af8eb42d56 -> 
========================================================================
Received Import Request.
  Time since last request: 78824.705776 seconds.
  path: Assets/KinematicCharacterController
  artifactKey: Guid(c83291514512f08409d5bc8fb34799fc) Importer(815301076,1909f56bfc062723c751e8b465ee728b)
Start importing Assets/KinematicCharacterController using Guid(c83291514512f08409d5bc8fb34799fc) Importer(815301076,1909f56bfc062723c751e8b465ee728b) [PhysX] Initialized MultithreadedTaskDispatcher with 20 workers.
 -> (artifact id: 'e2e09b100de0c5c7040481b863601faf') in 0.003339 seconds
Number of updated asset objects reloaded before import = 0
Number of asset objects unloaded after import = 0
========================================================================
Received Import Request.
  Time since last request: 0.000060 seconds.
  path: Assets/RPG_inventory_icons/apple.png
  artifactKey: Guid(5d9ba4e7d0964044ea54abe409d81dfd) Importer(815301076,1909f56bfc062723c751e8b465ee728b)
Start importing Assets/RPG_inventory_icons/apple.png using Guid(5d9ba4e7d0964044ea54abe409d81dfd) Importer(815301076,1909f56bfc062723c751e8b465ee728b) [PhysX] Initialized MultithreadedTaskDispatcher with 20 workers.
[PhysX] Initialized MultithreadedTaskDispatcher with 20 workers.
 -> (artifact id: 'c4a3c3b3915bae161dbb9b1668cad27f') in 0.140025 seconds
Number of updated asset objects reloaded before import = 0
Number of asset objects unloaded after import = 3
========================================================================
Received Import Request.
  Time since last request: 0.000042 seconds.
  path: Assets/RPG_inventory_icons/axe.png
  artifactKey: Guid(172774604c1bee84185a69041576525b) Importer(815301076,1909f56bfc062723c751e8b465ee728b)
Start importing Assets/RPG_inventory_icons/axe.png using Guid(172774604c1bee84185a69041576525b) Importer(815301076,1909f56bfc062723c751e8b465ee728b) [PhysX] Initialized MultithreadedTaskDispatcher with 20 workers.
[PhysX] Initialized MultithreadedTaskDispatcher with 20 workers.
 -> (artifact id: 'b4463110fa46df8aa922835fa2b7d6d1') in 0.034223 seconds
Number of updated asset objects reloaded before import = 0
Number of asset objects unloaded after import = 3
========================================================================
Received Import Request.
  Time since last request: 0.000037 seconds.
  path: Assets/RPG_inventory_icons/armor.png
  artifactKey: Guid(2f1eaeeaad36ee5469eff7ff158f37ba) Importer(815301076,1909f56bfc062723c751e8b465ee728b)
Start importing Assets/RPG_inventory_icons/armor.png using Guid(2f1eaeeaad36ee5469eff7ff158f37ba) Importer(815301076,1909f56bfc062723c751e8b465ee728b) [PhysX] Initialized MultithreadedTaskDispatcher with 20 workers.
[PhysX] Initialized MultithreadedTaskDispatcher with 20 workers.
 -> (artifact id: 'c218be058ee6198d0d85f859ab364e72') in 0.033244 seconds
Number of updated asset objects reloaded before import = 0
Number of asset objects unloaded after import = 3
========================================================================
Received Import Request.
  Time since last request: 251.148911 seconds.
  path: Assets/Simple Icons/Square_Transparent/Amulet_3_Square_Transparent.png
  artifactKey: Guid(285c41d791a8307428599ae1c419f3af) Importer(815301076,1909f56bfc062723c751e8b465ee728b)
Start importing Assets/Simple Icons/Square_Transparent/Amulet_3_Square_Transparent.png using Guid(285c41d791a8307428599ae1c419f3af) Importer(815301076,1909f56bfc062723c751e8b465ee728b) [PhysX] Initialized MultithreadedTaskDispatcher with 20 workers.
[PhysX] Initialized MultithreadedTaskDispatcher with 20 workers.
 -> (artifact id: 'eb63717fc5acd15147de08be0b128e66') in 0.036099 seconds
Number of updated asset objects reloaded before import = 0
Number of asset objects unloaded after import = 3
========================================================================
Received Import Request.
  Time since last request: 0.000042 seconds.
  path: Assets/Simple Icons/Square_Transparent/Book_Square_Transparent.png
  artifactKey: Guid(b66fe5f5c4248b84c9838aceeb09fa68) Importer(815301076,1909f56bfc062723c751e8b465ee728b)
Start importing Assets/Simple Icons/Square_Transparent/Book_Square_Transparent.png using Guid(b66fe5f5c4248b84c9838aceeb09fa68) Importer(815301076,1909f56bfc062723c751e8b465ee728b) [PhysX] Initialized MultithreadedTaskDispatcher with 20 workers.
[PhysX] Initialized MultithreadedTaskDispatcher with 20 workers.
 -> (artifact id: '7a28515c625507fe13c78b8624a7869b') in 0.030689 seconds
Number of updated asset objects reloaded before import = 0
Number of asset objects unloaded after import = 3
========================================================================
Received Import Request.
  Time since last request: 0.000084 seconds.
  path: Assets/Simple Icons/Square_Transparent/Boot_2_Square_Transparent.png
  artifactKey: Guid(8c00fcfc7ca9b3447beac3b2b8420bf0) Importer(815301076,1909f56bfc062723c751e8b465ee728b)
Start importing Assets/Simple Icons/Square_Transparent/Boot_2_Square_Transparent.png using Guid(8c00fcfc7ca9b3447beac3b2b8420bf0) Importer(815301076,1909f56bfc062723c751e8b465ee728b) [PhysX] Initialized MultithreadedTaskDispatcher with 20 workers.
[PhysX] Initialized MultithreadedTaskDispatcher with 20 workers.
 -> (artifact id: '4437ed10701d2eb4850f1990764e0509') in 0.031881 seconds
Number of updated asset objects reloaded before import = 0
Number of asset objects unloaded after import = 3
========================================================================
Received Import Request.
  Time since last request: 0.000036 seconds.
  path: Assets/Simple Icons/Square_Transparent/Bow_Square_Transparent.png
  artifactKey: Guid(1b20dcec5351f2b40803a5df24bd6cc8) Importer(815301076,1909f56bfc062723c751e8b465ee728b)
Start importing Assets/Simple Icons/Square_Transparent/Bow_Square_Transparent.png using Guid(1b20dcec5351f2b40803a5df24bd6cc8) Importer(815301076,1909f56bfc062723c751e8b465ee728b) [PhysX] Initialized MultithreadedTaskDispatcher with 20 workers.
[PhysX] Initialized MultithreadedTaskDispatcher with 20 workers.
 -> (artifact id: '664648f35cd2ee9f5d62d7be8d93a7f6') in 0.030075 seconds
Number of updated asset objects reloaded before import = 0
Number of asset objects unloaded after import = 3
========================================================================
Received Import Request.
  Time since last request: 0.000025 seconds.
  path: Assets/Simple Icons/Square_Transparent/Bag_Square_Transparent.png
  artifactKey: Guid(35792f782f13bd14e8896a0289611934) Importer(815301076,1909f56bfc062723c751e8b465ee728b)
Start importing Assets/Simple Icons/Square_Transparent/Bag_Square_Transparent.png using Guid(35792f782f13bd14e8896a0289611934) Importer(815301076,1909f56bfc062723c751e8b465ee728b) [PhysX] Initialized MultithreadedTaskDispatcher with 20 workers.
[PhysX] Initialized MultithreadedTaskDispatcher with 20 workers.
 -> (artifact id: 'e2a2b043a5e5d2dcde562d1c0366dfe5') in 0.039863 seconds
Number of updated asset objects reloaded before import = 0
Number of asset objects unloaded after import = 3
========================================================================
Received Import Request.
  Time since last request: 0.000044 seconds.
  path: Assets/Simple Icons/Square_Transparent/Ax_Square_Transparent.png
  artifactKey: Guid(dd8659b17bacb9844a75b6dadb298b29) Importer(815301076,1909f56bfc062723c751e8b465ee728b)
Start importing Assets/Simple Icons/Square_Transparent/Ax_Square_Transparent.png using Guid(dd8659b17bacb9844a75b6dadb298b29) Importer(815301076,1909f56bfc062723c751e8b465ee728b) [PhysX] Initialized MultithreadedTaskDispatcher with 20 workers.
[PhysX] Initialized MultithreadedTaskDispatcher with 20 workers.
 -> (artifact id: 'e9651bc4afb370ad7e8b1288a09975f5') in 0.027113 seconds
Number of updated asset objects reloaded before import = 0
Number of asset objects unloaded after import = 3
========================================================================
Received Import Request.
  Time since last request: 0.000029 seconds.
  path: Assets/Simple Icons/Square_Transparent/Boot_3_Square_Transparent.png
  artifactKey: Guid(34068ba2be1e4ab449304034a19e4e1a) Importer(815301076,1909f56bfc062723c751e8b465ee728b)
Start importing Assets/Simple Icons/Square_Transparent/Boot_3_Square_Transparent.png using Guid(34068ba2be1e4ab449304034a19e4e1a) Importer(815301076,1909f56bfc062723c751e8b465ee728b) [PhysX] Initialized MultithreadedTaskDispatcher with 20 workers.
[PhysX] Initialized MultithreadedTaskDispatcher with 20 workers.
 -> (artifact id: 'fe95e87c0bc085862f90b48f231a8bde') in 0.029674 seconds
Number of updated asset objects reloaded before import = 0
Number of asset objects unloaded after import = 3
========================================================================
Received Import Request.
  Time since last request: 0.000025 seconds.
  path: Assets/Simple Icons/Square_Transparent/Belt_Square_Transparent.png
  artifactKey: Guid(c5645dab36468fc46be74142366d85cd) Importer(815301076,1909f56bfc062723c751e8b465ee728b)
Start importing Assets/Simple Icons/Square_Transparent/Belt_Square_Transparent.png using Guid(c5645dab36468fc46be74142366d85cd) Importer(815301076,1909f56bfc062723c751e8b465ee728b) [PhysX] Initialized MultithreadedTaskDispatcher with 20 workers.
[PhysX] Initialized MultithreadedTaskDispatcher with 20 workers.
 -> (artifact id: '92ff7323386c99902cc271144ec2bc74') in 0.028885 seconds
Number of updated asset objects reloaded before import = 0
Number of asset objects unloaded after import = 3
========================================================================
Received Import Request.
  Time since last request: 0.000035 seconds.
  path: Assets/Simple Icons/Square_Transparent/Braser_1_Square_Transparent.png
  artifactKey: Guid(ceadd92945303444fa04645a5d501c1b) Importer(815301076,1909f56bfc062723c751e8b465ee728b)
Start importing Assets/Simple Icons/Square_Transparent/Braser_1_Square_Transparent.png using Guid(ceadd92945303444fa04645a5d501c1b) Importer(815301076,1909f56bfc062723c751e8b465ee728b) [PhysX] Initialized MultithreadedTaskDispatcher with 20 workers.
[PhysX] Initialized MultithreadedTaskDispatcher with 20 workers.
 -> (artifact id: 'c82240df7a0d8f64262ed66ca448128e') in 0.035205 seconds
Number of updated asset objects reloaded before import = 0
Number of asset objects unloaded after import = 3
========================================================================
Received Import Request.
  Time since last request: 0.000034 seconds.
  path: Assets/Simple Icons/Square_Transparent/Armor_2_Square_Transparent.png
  artifactKey: Guid(809da85e22698f44ab65e2fb579e47f3) Importer(815301076,1909f56bfc062723c751e8b465ee728b)
Start importing Assets/Simple Icons/Square_Transparent/Armor_2_Square_Transparent.png using Guid(809da85e22698f44ab65e2fb579e47f3) Importer(815301076,1909f56bfc062723c751e8b465ee728b) [PhysX] Initialized MultithreadedTaskDispatcher with 20 workers.
[PhysX] Initialized MultithreadedTaskDispatcher with 20 workers.
 -> (artifact id: '512efc59a9d49c3db48e4d05be3b5499') in 0.035839 seconds
Number of updated asset objects reloaded before import = 0
Number of asset objects unloaded after import = 3
========================================================================
Received Import Request.
  Time since last request: 0.805295 seconds.
  path: Assets/Simple Icons/Square_Transparent/Glove_2_Square_Transparent.png
  artifactKey: Guid(de80cbec847274a479eae622faeaa14e) Importer(815301076,1909f56bfc062723c751e8b465ee728b)
Start importing Assets/Simple Icons/Square_Transparent/Glove_2_Square_Transparent.png using Guid(de80cbec847274a479eae622faeaa14e) Importer(815301076,1909f56bfc062723c751e8b465ee728b) [PhysX] Initialized MultithreadedTaskDispatcher with 20 workers.
[PhysX] Initialized MultithreadedTaskDispatcher with 20 workers.
 -> (artifact id: '0c2bf50f81ee1acda8646bb84554fbd6') in 0.030321 seconds
Number of updated asset objects reloaded before import = 0
Number of asset objects unloaded after import = 3
========================================================================
Received Import Request.
  Time since last request: 0.000053 seconds.
  path: Assets/Simple Icons/Square_Transparent/Helmet_1_Square_Transparent.png
  artifactKey: Guid(c2779d98a151a674ba731b58e8f56a79) Importer(815301076,1909f56bfc062723c751e8b465ee728b)
Start importing Assets/Simple Icons/Square_Transparent/Helmet_1_Square_Transparent.png using Guid(c2779d98a151a674ba731b58e8f56a79) Importer(815301076,1909f56bfc062723c751e8b465ee728b) [PhysX] Initialized MultithreadedTaskDispatcher with 20 workers.
[PhysX] Initialized MultithreadedTaskDispatcher with 20 workers.
 -> (artifact id: '80ee7d2f0ca46265b028ba5964677f5d') in 0.033221 seconds
Number of updated asset objects reloaded before import = 0
Number of asset objects unloaded after import = 3
========================================================================
Received Import Request.
  Time since last request: 0.000029 seconds.
  path: Assets/Simple Icons/Square_Transparent/Helmet_3_Square_Transparent.png
  artifactKey: Guid(67a6970fe205e0c41ace3877065ef871) Importer(815301076,1909f56bfc062723c751e8b465ee728b)
Start importing Assets/Simple Icons/Square_Transparent/Helmet_3_Square_Transparent.png using Guid(67a6970fe205e0c41ace3877065ef871) Importer(815301076,1909f56bfc062723c751e8b465ee728b) [PhysX] Initialized MultithreadedTaskDispatcher with 20 workers.
[PhysX] Initialized MultithreadedTaskDispatcher with 20 workers.
 -> (artifact id: '696811bda5ee41b8acccd4b0c30b4609') in 0.033414 seconds
Number of updated asset objects reloaded before import = 0
Number of asset objects unloaded after import = 3
========================================================================
Received Import Request.
  Time since last request: 0.000036 seconds.
  path: Assets/Simple Icons/Square_Transparent/Jewel_Square_Transparent.png
  artifactKey: Guid(2d229d2091f11f444a38d17d04ef383b) Importer(815301076,1909f56bfc062723c751e8b465ee728b)
Start importing Assets/Simple Icons/Square_Transparent/Jewel_Square_Transparent.png using Guid(2d229d2091f11f444a38d17d04ef383b) Importer(815301076,1909f56bfc062723c751e8b465ee728b) [PhysX] Initialized MultithreadedTaskDispatcher with 20 workers.
[PhysX] Initialized MultithreadedTaskDispatcher with 20 workers.
 -> (artifact id: '331329420285b754601d20d8fd51ac43') in 0.038255 seconds
Number of updated asset objects reloaded before import = 0
Number of asset objects unloaded after import = 3
========================================================================
Received Import Request.
  Time since last request: 0.000048 seconds.
  path: Assets/Simple Icons/Square_Transparent/Knife_Square_Transparent.png
  artifactKey: Guid(aaabed85dcc43b54a994c8ce8c71b6ac) Importer(815301076,1909f56bfc062723c751e8b465ee728b)
Start importing Assets/Simple Icons/Square_Transparent/Knife_Square_Transparent.png using Guid(aaabed85dcc43b54a994c8ce8c71b6ac) Importer(815301076,1909f56bfc062723c751e8b465ee728b) [PhysX] Initialized MultithreadedTaskDispatcher with 20 workers.
[PhysX] Initialized MultithreadedTaskDispatcher with 20 workers.
 -> (artifact id: '73ce27c0feb3d4f29767080b559c708f') in 0.030841 seconds
Number of updated asset objects reloaded before import = 0
Number of asset objects unloaded after import = 3
========================================================================
Received Import Request.
  Time since last request: 0.105941 seconds.
  path: Assets/Simple Icons/Square_Transparent/Poleax_Square_Transparent.png
  artifactKey: Guid(ad679ee9a9fe39e4a8119cddbb1d9e7d) Importer(815301076,1909f56bfc062723c751e8b465ee728b)
Start importing Assets/Simple Icons/Square_Transparent/Poleax_Square_Transparent.png using Guid(ad679ee9a9fe39e4a8119cddbb1d9e7d) Importer(815301076,1909f56bfc062723c751e8b465ee728b) [PhysX] Initialized MultithreadedTaskDispatcher with 20 workers.
[PhysX] Initialized MultithreadedTaskDispatcher with 20 workers.
 -> (artifact id: '424ea7efdbe0fff467afd92982104684') in 0.034562 seconds
Number of updated asset objects reloaded before import = 0
Number of asset objects unloaded after import = 3
========================================================================
Received Import Request.
  Time since last request: 0.000029 seconds.
  path: Assets/Simple Icons/Square_Transparent/Ring_1_Square_Transparent.png
  artifactKey: Guid(fc04d91475557de408820f244430a3db) Importer(815301076,1909f56bfc062723c751e8b465ee728b)
Start importing Assets/Simple Icons/Square_Transparent/Ring_1_Square_Transparent.png using Guid(fc04d91475557de408820f244430a3db) Importer(815301076,1909f56bfc062723c751e8b465ee728b) [PhysX] Initialized MultithreadedTaskDispatcher with 20 workers.
[PhysX] Initialized MultithreadedTaskDispatcher with 20 workers.
 -> (artifact id: '96fcb307e4d5c4f2f296e6356bb7d6a4') in 0.030478 seconds
Number of updated asset objects reloaded before import = 0
Number of asset objects unloaded after import = 3
========================================================================
Received Import Request.
  Time since last request: 0.000039 seconds.
  path: Assets/Simple Icons/Square_Transparent/Saber_Square_Transparent.png
  artifactKey: Guid(4cac65d2ace05f647ba4b9c89b877756) Importer(815301076,1909f56bfc062723c751e8b465ee728b)
Start importing Assets/Simple Icons/Square_Transparent/Saber_Square_Transparent.png using Guid(4cac65d2ace05f647ba4b9c89b877756) Importer(815301076,1909f56bfc062723c751e8b465ee728b) [PhysX] Initialized MultithreadedTaskDispatcher with 20 workers.
[PhysX] Initialized MultithreadedTaskDispatcher with 20 workers.
 -> (artifact id: '122237cf3e84f2af6c53ace497ff822e') in 0.036252 seconds
Number of updated asset objects reloaded before import = 0
Number of asset objects unloaded after import = 3
========================================================================
Received Import Request.
  Time since last request: 0.000037 seconds.
  path: Assets/Simple Icons/Square_Transparent/Wand_Square_Transparent.png
  artifactKey: Guid(3a59e8d437f1f3b4bb545e670a9fbc83) Importer(815301076,1909f56bfc062723c751e8b465ee728b)
Start importing Assets/Simple Icons/Square_Transparent/Wand_Square_Transparent.png using Guid(3a59e8d437f1f3b4bb545e670a9fbc83) Importer(815301076,1909f56bfc062723c751e8b465ee728b) [PhysX] Initialized MultithreadedTaskDispatcher with 20 workers.
[PhysX] Initialized MultithreadedTaskDispatcher with 20 workers.
 -> (artifact id: '075acd0c6048368893c90f3a241129dc') in 0.034401 seconds
Number of updated asset objects reloaded before import = 0
Number of asset objects unloaded after import = 3
Editor requested this worker to shutdown with reason: Scaling down because of idle timeout
TcpMessagingSession - receive error: operation aborted. errorcode: 995, details: Bir iþ parçacýðý çýkýþý veya bir uygulama isteði nedeniyle G/Ç iþlemi iptal edildi.
AssetImportWorker is now disconnected from the server
Process exiting
Exiting without the bug reporter. Application will terminate with return code 0