Using pre-set license
Built from '2022.3/respin/2022.3.62f2-4af31df585-v2' branch; Version is '2022.3.62f2 (7670c08855a9) revision 7762112'; Using compiler version '192829333'; Build Type 'Release'
OS: 'Windows 11  (10.0.26100) 64bit Professional' Language: 'tr' Physical Memory: 16128 MB
BatchMode: 1, IsHumanControllingUs: 0, StartBugReporterOnCrash: 0, Is64bit: 1, IsPro: 1

COMMAND LINE ARGUMENTS:
C:\Program Files\Unity\Hub\Editor\2022.3.62f2\Editor\Unity.exe
-adb2
-batchMode
-noUpm
-name
AssetImportWorker2
-projectPath
C:/Users/Batuhan/Documents/GitHub/NLS
-logFile
Logs/AssetImportWorker2.log
-srvPort
52961
Successfully changed project path to: C:/Users/Batuhan/Documents/GitHub/NLS
C:/Users/Batuhan/Documents/GitHub/NLS
[UnityMemory] Configuration Parameters - Can be set up in boot.config
    "memorysetup-bucket-allocator-granularity=16"
    "memorysetup-bucket-allocator-bucket-count=8"
    "memorysetup-bucket-allocator-block-size=33554432"
    "memorysetup-bucket-allocator-block-count=8"
    "memorysetup-main-allocator-block-size=16777216"
    "memorysetup-thread-allocator-block-size=16777216"
    "memorysetup-gfx-main-allocator-block-size=16777216"
    "memorysetup-gfx-thread-allocator-block-size=16777216"
    "memorysetup-cache-allocator-block-size=4194304"
    "memorysetup-typetree-allocator-block-size=2097152"
    "memorysetup-profiler-bucket-allocator-granularity=16"
    "memorysetup-profiler-bucket-allocator-bucket-count=8"
    "memorysetup-profiler-bucket-allocator-block-size=33554432"
    "memorysetup-profiler-bucket-allocator-block-count=8"
    "memorysetup-profiler-allocator-block-size=16777216"
    "memorysetup-profiler-editor-allocator-block-size=1048576"
    "memorysetup-temp-allocator-size-main=16777216"
    "memorysetup-job-temp-allocator-block-size=2097152"
    "memorysetup-job-temp-allocator-block-size-background=1048576"
    "memorysetup-job-temp-allocator-reduction-small-platforms=262144"
    "memorysetup-allocator-temp-initial-block-size-main=262144"
    "memorysetup-allocator-temp-initial-block-size-worker=262144"
    "memorysetup-temp-allocator-size-background-worker=32768"
    "memorysetup-temp-allocator-size-job-worker=262144"
    "memorysetup-temp-allocator-size-preload-manager=33554432"
    "memorysetup-temp-allocator-size-nav-mesh-worker=65536"
    "memorysetup-temp-allocator-size-audio-worker=65536"
    "memorysetup-temp-allocator-size-cloud-worker=32768"
    "memorysetup-temp-allocator-size-gi-baking-worker=262144"
    "memorysetup-temp-allocator-size-gfx=262144"
Player connection [75228]  Target information:

Player connection [75228]  * "[IP] 192.168.1.88 [Port] 0 [Flags] 2 [Guid] 3800456767 [EditorId] 3800456767 [Version] 1048832 [Id] WindowsEditor(7,DESKTOP-V6UR2GE) [Debug] 1 [PackageName] WindowsEditor [ProjectName] Editor" 

Player connection [75228] Host joined multi-casting on [225.0.0.222:54997]...
Player connection [75228] Host joined alternative multi-casting on [225.0.0.222:34997]...
Input System module state changed to: Initialized.
[PhysX] Initialized MultithreadedTaskDispatcher with 20 workers.
Refreshing native plugins compatible for Editor in 13.89 ms, found 3 plugins.
Preloading 0 native plugins for Editor in 0.00 ms.
Initialize engine version: 2022.3.62f2 (7670c08855a9)
[Subsystems] Discovering subsystems at path C:/Program Files/Unity/Hub/Editor/2022.3.62f2/Editor/Data/Resources/UnitySubsystems
[Subsystems] Discovering subsystems at path C:/Users/Batuhan/Documents/GitHub/NLS/Assets
GfxDevice: creating device client; threaded=0; jobified=0
Direct3D:
    Version:  Direct3D 11.0 [level 11.1]
    Renderer: NVIDIA GeForce RTX 3050 Ti Laptop GPU (ID=0x25a0)
    Vendor:   NVIDIA
    VRAM:     3962 MB
    Driver:   32.0.15.8115
Initialize mono
Mono path[0] = 'C:/Program Files/Unity/Hub/Editor/2022.3.62f2/Editor/Data/Managed'
Mono path[1] = 'C:/Program Files/Unity/Hub/Editor/2022.3.62f2/Editor/Data/MonoBleedingEdge/lib/mono/unityjit-win32'
Mono config path = 'C:/Program Files/Unity/Hub/Editor/2022.3.62f2/Editor/Data/MonoBleedingEdge/etc'
Using monoOptions --debugger-agent=transport=dt_socket,embedding=1,server=y,suspend=n,address=127.0.0.1:56868
Begin MonoManager ReloadAssembly
Registering precompiled unity dll's ...
Register platform support module: C:/Program Files/Unity/Hub/Editor/2022.3.62f2/Editor/Data/PlaybackEngines/AndroidPlayer/UnityEditor.Android.Extensions.dll
Register platform support module: C:/Program Files/Unity/Hub/Editor/2022.3.62f2/Editor/Data/PlaybackEngines/iOSSupport/UnityEditor.iOS.Extensions.dll
Register platform support module: C:/Program Files/Unity/Hub/Editor/2022.3.62f2/Editor/Data/PlaybackEngines/WindowsStandaloneSupport/UnityEditor.WindowsStandalone.Extensions.dll
Registered in 0.008025 seconds.
- Loaded All Assemblies, in  0.405 seconds
Native extension for WindowsStandalone target not found
[usbmuxd] Start listen thread
[usbmuxd] Listen thread started
Native extension for iOS target not found
Native extension for Android target not found
Android Extension - Scanning For ADB Devices 404 ms
Mono: successfully reloaded assembly
- Finished resetting the current domain, in  0.749 seconds
Domain Reload Profiling: 1154ms
	BeginReloadAssembly (128ms)
		ExecutionOrderSort (0ms)
		DisableScriptedObjects (0ms)
		BackupInstance (0ms)
		ReleaseScriptingObjects (0ms)
		CreateAndSetChildDomain (1ms)
	RebuildCommonClasses (37ms)
	RebuildNativeTypeToScriptingClass (10ms)
	initialDomainReloadingComplete (62ms)
	LoadAllAssembliesAndSetupDomain (166ms)
		LoadAssemblies (127ms)
		RebuildTransferFunctionScriptingTraits (0ms)
		AnalyzeDomain (163ms)
			TypeCache.Refresh (161ms)
				TypeCache.ScanAssembly (147ms)
			ScanForSourceGeneratedMonoScriptInfo (1ms)
			ResolveRequiredComponents (1ms)
	FinalizeReload (750ms)
		ReleaseScriptCaches (0ms)
		RebuildScriptCaches (0ms)
		SetupLoadedEditorAssemblies (692ms)
			LogAssemblyErrors (0ms)
			InitializePlatformSupportModulesInManaged (506ms)
			SetLoadedEditorAssemblies (6ms)
			RefreshPlugins (0ms)
			BeforeProcessingInitializeOnLoad (3ms)
			ProcessInitializeOnLoadAttributes (128ms)
			ProcessInitializeOnLoadMethodAttributes (48ms)
			AfterProcessingInitializeOnLoad (0ms)
			EditorAssembliesLoaded (0ms)
		ExecutionOrderSort2 (0ms)
		AwakeInstancesAfterBackupRestoration (0ms)
========================================================================
Worker process is ready to serve import requests
Caller must complete domain reload
Begin MonoManager ReloadAssembly
- Loaded All Assemblies, in  0.893 seconds
Native extension for WindowsStandalone target not found
Native extension for iOS target not found
Native extension for Android target not found
Mono: successfully reloaded assembly
- Finished resetting the current domain, in  0.887 seconds
Domain Reload Profiling: 1778ms
	BeginReloadAssembly (168ms)
		ExecutionOrderSort (0ms)
		DisableScriptedObjects (5ms)
		BackupInstance (0ms)
		ReleaseScriptingObjects (0ms)
		CreateAndSetChildDomain (26ms)
	RebuildCommonClasses (43ms)
	RebuildNativeTypeToScriptingClass (10ms)
	initialDomainReloadingComplete (49ms)
	LoadAllAssembliesAndSetupDomain (622ms)
		LoadAssemblies (438ms)
		RebuildTransferFunctionScriptingTraits (0ms)
		AnalyzeDomain (284ms)
			TypeCache.Refresh (233ms)
				TypeCache.ScanAssembly (210ms)
			ScanForSourceGeneratedMonoScriptInfo (35ms)
			ResolveRequiredComponents (13ms)
	FinalizeReload (887ms)
		ReleaseScriptCaches (0ms)
		RebuildScriptCaches (0ms)
		SetupLoadedEditorAssemblies (682ms)
			LogAssemblyErrors (0ms)
			InitializePlatformSupportModulesInManaged (41ms)
			SetLoadedEditorAssemblies (8ms)
			RefreshPlugins (0ms)
			BeforeProcessingInitializeOnLoad (112ms)
			ProcessInitializeOnLoadAttributes (431ms)
			ProcessInitializeOnLoadMethodAttributes (86ms)
			AfterProcessingInitializeOnLoad (5ms)
			EditorAssembliesLoaded (0ms)
		ExecutionOrderSort2 (0ms)
		AwakeInstancesAfterBackupRestoration (6ms)
Launched and connected shader compiler UnityShaderCompiler.exe after 0.07 seconds
Refreshing native plugins compatible for Editor in 5.21 ms, found 3 plugins.
Preloading 0 native plugins for Editor in 0.00 ms.
Unloading 5136 Unused Serialized files (Serialized files now loaded: 0)
Unloading 26 unused Assets / (348.5 KB). Loaded Objects now: 5619.
Memory consumption went from 215.2 MB to 214.9 MB.
Total: 4.941900 ms (FindLiveObjects: 0.376700 ms CreateObjectMapping: 0.218700 ms MarkObjects: 4.079700 ms  DeleteObjects: 0.264800 ms)

AssetImportParameters requested are different than current active one (requested -> active):
  custom:container-demuxer-ogg: 62fdf1f143b41e24485cea50d1cbac27 -> 
  custom:video-decoder-ogg-theora: a1e56fd34408186e4bbccfd4996cb3dc -> 
  custom:framework-win-MediaFoundation: 216162199b28c13a410421893ffa2e32 -> 
  custom:CustomObjectIndexerAttribute: 72b91833f83ae208fae7752999fa3104 -> 
  custom:container-demuxer-webm: 4f35f7cbe854078d1ac9338744f61a02 -> 
  custom:container-muxer-webm: aa71ff27fc2769a1b78a27578f13a17b -> 
  custom:video-decoder-webm-vp8: 9c59270c3fd7afecdb556c50c9e8de78 -> 
  custom:SearchIndexIgnoredProperties: e643bd26f0fe6173181afceb89e7c659 -> 
  custom:AudioImporter_EditorPlatform: d09bf68614088b80899f8185d706f6e7 -> 
  custom:video-encoder-webm-vp8: eb34c28f22e8b96e1ab97ce403110664 -> 
  custom:audio-decoder-ogg-vorbis: bf7c407c2cedff20999df2af8eb42d56 -> 
  custom:audio-encoder-webm-vorbis: bf7c407c2cedff20999df2af8eb42d56 -> 
========================================================================
Received Import Request.
  Time since last request: 78827.408588 seconds.
  path: Assets/RPG_inventory_icons/belts.png
  artifactKey: Guid(da09804303305f542a686824630e7269) Importer(815301076,1909f56bfc062723c751e8b465ee728b)
Start importing Assets/RPG_inventory_icons/belts.png using Guid(da09804303305f542a686824630e7269) Importer(815301076,1909f56bfc062723c751e8b465ee728b) [PhysX] Initialized MultithreadedTaskDispatcher with 20 workers.
[PhysX] Initialized MultithreadedTaskDispatcher with 20 workers.
 -> (artifact id: '3dacdec4e21aba3617336c9fcb7f73d0') in 0.109623 seconds
Number of updated asset objects reloaded before import = 0
Number of asset objects unloaded after import = 3
========================================================================
Received Import Request.
  Time since last request: 2.483896 seconds.
  path: Assets/RPG_inventory_icons/book.PNG
  artifactKey: Guid(ae496f5dad56ea645b72d374a0376368) Importer(815301076,1909f56bfc062723c751e8b465ee728b)
Start importing Assets/RPG_inventory_icons/book.PNG using Guid(ae496f5dad56ea645b72d374a0376368) Importer(815301076,1909f56bfc062723c751e8b465ee728b) [PhysX] Initialized MultithreadedTaskDispatcher with 20 workers.
[PhysX] Initialized MultithreadedTaskDispatcher with 20 workers.
 -> (artifact id: '12552111c14e084da4ca80a12b437da2') in 0.023104 seconds
Number of updated asset objects reloaded before import = 0
Number of asset objects unloaded after import = 3
========================================================================
Received Import Request.
  Time since last request: 0.433630 seconds.
  path: Assets/RPG_inventory_icons/bracers.PNG
  artifactKey: Guid(70a77abda853dd941a0c8debf1de9b04) Importer(815301076,1909f56bfc062723c751e8b465ee728b)
Start importing Assets/RPG_inventory_icons/bracers.PNG using Guid(70a77abda853dd941a0c8debf1de9b04) Importer(815301076,1909f56bfc062723c751e8b465ee728b) [PhysX] Initialized MultithreadedTaskDispatcher with 20 workers.
[PhysX] Initialized MultithreadedTaskDispatcher with 20 workers.
 -> (artifact id: '3fe178bd6c6e9ccd7c3050d86d80e098') in 0.024251 seconds
Number of updated asset objects reloaded before import = 0
Number of asset objects unloaded after import = 3
========================================================================
Received Import Request.
  Time since last request: 1.401161 seconds.
  path: Assets/RPG_inventory_icons/boots.png
  artifactKey: Guid(e420c5bc93cb2604695a893500c897e3) Importer(815301076,1909f56bfc062723c751e8b465ee728b)
Start importing Assets/RPG_inventory_icons/boots.png using Guid(e420c5bc93cb2604695a893500c897e3) Importer(815301076,1909f56bfc062723c751e8b465ee728b) [PhysX] Initialized MultithreadedTaskDispatcher with 20 workers.
[PhysX] Initialized MultithreadedTaskDispatcher with 20 workers.
 -> (artifact id: '74d1a868f845df492e10171551635040') in 0.021193 seconds
Number of updated asset objects reloaded before import = 0
Number of asset objects unloaded after import = 3
========================================================================
Received Import Request.
  Time since last request: 1.056950 seconds.
  path: Assets/RPG_inventory_icons/coins.png
  artifactKey: Guid(3676a0b185daeb54fb257f700ba7ead4) Importer(815301076,1909f56bfc062723c751e8b465ee728b)
Start importing Assets/RPG_inventory_icons/coins.png using Guid(3676a0b185daeb54fb257f700ba7ead4) Importer(815301076,1909f56bfc062723c751e8b465ee728b) [PhysX] Initialized MultithreadedTaskDispatcher with 20 workers.
[PhysX] Initialized MultithreadedTaskDispatcher with 20 workers.
 -> (artifact id: '5093b61ecd9ee2a5872543b90df49f7b') in 0.025669 seconds
Number of updated asset objects reloaded before import = 0
Number of asset objects unloaded after import = 3
========================================================================
Received Import Request.
  Time since last request: 0.754487 seconds.
  path: Assets/RPG_inventory_icons/gem.png
  artifactKey: Guid(e7d29a79bc7fae248887c8a08a160303) Importer(815301076,1909f56bfc062723c751e8b465ee728b)
Start importing Assets/RPG_inventory_icons/gem.png using Guid(e7d29a79bc7fae248887c8a08a160303) Importer(815301076,1909f56bfc062723c751e8b465ee728b) [PhysX] Initialized MultithreadedTaskDispatcher with 20 workers.
[PhysX] Initialized MultithreadedTaskDispatcher with 20 workers.
 -> (artifact id: 'e02ac9099dcd4911d15169e2da5ba962') in 0.020899 seconds
Number of updated asset objects reloaded before import = 0
Number of asset objects unloaded after import = 3
========================================================================
Received Import Request.
  Time since last request: 0.316229 seconds.
  path: Assets/RPG_inventory_icons/f.PNG
  artifactKey: Guid(ed1074391f139544d941ae0870937dc0) Importer(815301076,1909f56bfc062723c751e8b465ee728b)
Start importing Assets/RPG_inventory_icons/f.PNG using Guid(ed1074391f139544d941ae0870937dc0) Importer(815301076,1909f56bfc062723c751e8b465ee728b) [PhysX] Initialized MultithreadedTaskDispatcher with 20 workers.
[PhysX] Initialized MultithreadedTaskDispatcher with 20 workers.
 -> (artifact id: '11c2e42e17a193c3da5580e583695f46') in 0.020905 seconds
Number of updated asset objects reloaded before import = 0
Number of asset objects unloaded after import = 3
========================================================================
Received Import Request.
  Time since last request: 3.712862 seconds.
  path: Assets/RPG_inventory_icons/gloves.PNG
  artifactKey: Guid(d4f5634edede200468fc1ccf30e6f3a1) Importer(815301076,1909f56bfc062723c751e8b465ee728b)
Start importing Assets/RPG_inventory_icons/gloves.PNG using Guid(d4f5634edede200468fc1ccf30e6f3a1) Importer(815301076,1909f56bfc062723c751e8b465ee728b) [PhysX] Initialized MultithreadedTaskDispatcher with 20 workers.
[PhysX] Initialized MultithreadedTaskDispatcher with 20 workers.
 -> (artifact id: '9a9fac53cc7ab04f7ded99a6d43b76c6') in 0.022415 seconds
Number of updated asset objects reloaded before import = 0
Number of asset objects unloaded after import = 3
========================================================================
Received Import Request.
  Time since last request: 0.473606 seconds.
  path: Assets/RPG_inventory_icons/helmets.png
  artifactKey: Guid(fd6e4fc32c78509458fc45ea4a478ba8) Importer(815301076,1909f56bfc062723c751e8b465ee728b)
Start importing Assets/RPG_inventory_icons/helmets.png using Guid(fd6e4fc32c78509458fc45ea4a478ba8) Importer(815301076,1909f56bfc062723c751e8b465ee728b) [PhysX] Initialized MultithreadedTaskDispatcher with 20 workers.
[PhysX] Initialized MultithreadedTaskDispatcher with 20 workers.
 -> (artifact id: '7cd486b2ec911c1bc4f56dff49818a97') in 0.021142 seconds
Number of updated asset objects reloaded before import = 0
Number of asset objects unloaded after import = 3
========================================================================
Received Import Request.
  Time since last request: 0.892590 seconds.
  path: Assets/RPG_inventory_icons/hp.png
  artifactKey: Guid(e52ea25af699fd445b7046374f81a5b9) Importer(815301076,1909f56bfc062723c751e8b465ee728b)
Start importing Assets/RPG_inventory_icons/hp.png using Guid(e52ea25af699fd445b7046374f81a5b9) Importer(815301076,1909f56bfc062723c751e8b465ee728b) [PhysX] Initialized MultithreadedTaskDispatcher with 20 workers.
[PhysX] Initialized MultithreadedTaskDispatcher with 20 workers.
 -> (artifact id: '64c7200e2214689ec279da68a3bd58e6') in 0.021731 seconds
Number of updated asset objects reloaded before import = 0
Number of asset objects unloaded after import = 3
========================================================================
Received Import Request.
  Time since last request: 0.438967 seconds.
  path: Assets/RPG_inventory_icons/ingots.png
  artifactKey: Guid(3e4fcc84a0ac95b429c56452575f6021) Importer(815301076,1909f56bfc062723c751e8b465ee728b)
Start importing Assets/RPG_inventory_icons/ingots.png using Guid(3e4fcc84a0ac95b429c56452575f6021) Importer(815301076,1909f56bfc062723c751e8b465ee728b) [PhysX] Initialized MultithreadedTaskDispatcher with 20 workers.
[PhysX] Initialized MultithreadedTaskDispatcher with 20 workers.
 -> (artifact id: '9c5c03455a311ec29b4e5adcc9109d4b') in 0.025108 seconds
Number of updated asset objects reloaded before import = 0
Number of asset objects unloaded after import = 3
========================================================================
Received Import Request.
  Time since last request: 0.796648 seconds.
  path: Assets/RPG_inventory_icons/Meat.png
  artifactKey: Guid(4a39cb4b272639541b7bd5ac0649acf7) Importer(815301076,1909f56bfc062723c751e8b465ee728b)
Start importing Assets/RPG_inventory_icons/Meat.png using Guid(4a39cb4b272639541b7bd5ac0649acf7) Importer(815301076,1909f56bfc062723c751e8b465ee728b) [PhysX] Initialized MultithreadedTaskDispatcher with 20 workers.
[PhysX] Initialized MultithreadedTaskDispatcher with 20 workers.
 -> (artifact id: '831868a6ff88ed1c0d664e78831cb909') in 0.022094 seconds
Number of updated asset objects reloaded before import = 0
Number of asset objects unloaded after import = 3
========================================================================
Received Import Request.
  Time since last request: 1.794108 seconds.
  path: Assets/RPG_inventory_icons/mp.png
  artifactKey: Guid(6592b916f86b19e428db6f6847c7b6dd) Importer(815301076,1909f56bfc062723c751e8b465ee728b)
Start importing Assets/RPG_inventory_icons/mp.png using Guid(6592b916f86b19e428db6f6847c7b6dd) Importer(815301076,1909f56bfc062723c751e8b465ee728b) [PhysX] Initialized MultithreadedTaskDispatcher with 20 workers.
[PhysX] Initialized MultithreadedTaskDispatcher with 20 workers.
 -> (artifact id: 'a7bcf795f813b7512cf373c15c4db5ce') in 0.022594 seconds
Number of updated asset objects reloaded before import = 0
Number of asset objects unloaded after import = 3
========================================================================
Received Import Request.
  Time since last request: 1.703670 seconds.
  path: Assets/RPG_inventory_icons/necklace.PNG
  artifactKey: Guid(0e123cfdc54a3ca4684816a34167a566) Importer(815301076,1909f56bfc062723c751e8b465ee728b)
Start importing Assets/RPG_inventory_icons/necklace.PNG using Guid(0e123cfdc54a3ca4684816a34167a566) Importer(815301076,1909f56bfc062723c751e8b465ee728b) [PhysX] Initialized MultithreadedTaskDispatcher with 20 workers.
[PhysX] Initialized MultithreadedTaskDispatcher with 20 workers.
 -> (artifact id: '187ecaed002fe42f3fed858fb00df2dd') in 0.022075 seconds
Number of updated asset objects reloaded before import = 0
Number of asset objects unloaded after import = 3
========================================================================
Received Import Request.
  Time since last request: 0.657979 seconds.
  path: Assets/RPG_inventory_icons/pants.png
  artifactKey: Guid(b8fb302c5768e334ca82005f50e58121) Importer(815301076,1909f56bfc062723c751e8b465ee728b)
Start importing Assets/RPG_inventory_icons/pants.png using Guid(b8fb302c5768e334ca82005f50e58121) Importer(815301076,1909f56bfc062723c751e8b465ee728b) [PhysX] Initialized MultithreadedTaskDispatcher with 20 workers.
[PhysX] Initialized MultithreadedTaskDispatcher with 20 workers.
 -> (artifact id: '9c802889c3707808d2b5fb91907c2dd3') in 0.022402 seconds
Number of updated asset objects reloaded before import = 0
Number of asset objects unloaded after import = 3
========================================================================
Received Import Request.
  Time since last request: 0.430911 seconds.
  path: Assets/RPG_inventory_icons/rings.PNG
  artifactKey: Guid(970324311431c794ca338446ea889948) Importer(815301076,1909f56bfc062723c751e8b465ee728b)
Start importing Assets/RPG_inventory_icons/rings.PNG using Guid(970324311431c794ca338446ea889948) Importer(815301076,1909f56bfc062723c751e8b465ee728b) [PhysX] Initialized MultithreadedTaskDispatcher with 20 workers.
[PhysX] Initialized MultithreadedTaskDispatcher with 20 workers.
 -> (artifact id: 'c9e6c6d56513826254187d9f4abc54fa') in 0.023430 seconds
Number of updated asset objects reloaded before import = 0
Number of asset objects unloaded after import = 3
========================================================================
Received Import Request.
  Time since last request: 0.670030 seconds.
  path: Assets/RPG_inventory_icons/scroll.png
  artifactKey: Guid(db427fab3e94daf4caa704d9314a77a1) Importer(815301076,1909f56bfc062723c751e8b465ee728b)
Start importing Assets/RPG_inventory_icons/scroll.png using Guid(db427fab3e94daf4caa704d9314a77a1) Importer(815301076,1909f56bfc062723c751e8b465ee728b) [PhysX] Initialized MultithreadedTaskDispatcher with 20 workers.
[PhysX] Initialized MultithreadedTaskDispatcher with 20 workers.
 -> (artifact id: 'fbe4b9f78635abf44fa04d46f120ccb1') in 0.022833 seconds
Number of updated asset objects reloaded before import = 0
Number of asset objects unloaded after import = 3
========================================================================
Received Import Request.
  Time since last request: 0.419534 seconds.
  path: Assets/RPG_inventory_icons/shield.png
  artifactKey: Guid(b97c91e8b348f3f4ebdc11f5c82182cd) Importer(815301076,1909f56bfc062723c751e8b465ee728b)
Start importing Assets/RPG_inventory_icons/shield.png using Guid(b97c91e8b348f3f4ebdc11f5c82182cd) Importer(815301076,1909f56bfc062723c751e8b465ee728b) [PhysX] Initialized MultithreadedTaskDispatcher with 20 workers.
[PhysX] Initialized MultithreadedTaskDispatcher with 20 workers.
 -> (artifact id: '6f2676a079eff79542473a372bfdfd9c') in 0.026535 seconds
Number of updated asset objects reloaded before import = 0
Number of asset objects unloaded after import = 3
========================================================================
Received Import Request.
  Time since last request: 0.732586 seconds.
  path: Assets/RPG_inventory_icons/shoulders.png
  artifactKey: Guid(f126324fd2486a641842ea5a8244c2d1) Importer(815301076,1909f56bfc062723c751e8b465ee728b)
Start importing Assets/RPG_inventory_icons/shoulders.png using Guid(f126324fd2486a641842ea5a8244c2d1) Importer(815301076,1909f56bfc062723c751e8b465ee728b) [PhysX] Initialized MultithreadedTaskDispatcher with 20 workers.
[PhysX] Initialized MultithreadedTaskDispatcher with 20 workers.
 -> (artifact id: '9e0799467ecff8b2a8a30cc55da66d6c') in 0.022554 seconds
Number of updated asset objects reloaded before import = 0
Number of asset objects unloaded after import = 3
========================================================================
Received Import Request.
  Time since last request: 0.349984 seconds.
  path: Assets/RPG_inventory_icons/sword.png
  artifactKey: Guid(5fd50594014b70e48bd6993443d46b32) Importer(815301076,1909f56bfc062723c751e8b465ee728b)
Start importing Assets/RPG_inventory_icons/sword.png using Guid(5fd50594014b70e48bd6993443d46b32) Importer(815301076,1909f56bfc062723c751e8b465ee728b) [PhysX] Initialized MultithreadedTaskDispatcher with 20 workers.
[PhysX] Initialized MultithreadedTaskDispatcher with 20 workers.
 -> (artifact id: 'a5d620822d32913d95c7d2e7268372c6') in 0.022773 seconds
Number of updated asset objects reloaded before import = 0
Number of asset objects unloaded after import = 3
========================================================================
Received Import Request.
  Time since last request: 23.855837 seconds.
  path: Assets/Simple Icons/Cercle
  artifactKey: Guid(69826e24f5a053042bea0a3fde9987ee) Importer(815301076,1909f56bfc062723c751e8b465ee728b)
Start importing Assets/Simple Icons/Cercle using Guid(69826e24f5a053042bea0a3fde9987ee) Importer(815301076,1909f56bfc062723c751e8b465ee728b) [PhysX] Initialized MultithreadedTaskDispatcher with 20 workers.
 -> (artifact id: 'a8b0fed9b008d54f1bce67cf34e1b5b4') in 0.000806 seconds
Number of updated asset objects reloaded before import = 0
Number of asset objects unloaded after import = 0
========================================================================
Received Import Request.
  Time since last request: 0.387398 seconds.
  path: Assets/Simple Icons/Cercle/Amulet_1_Cercle.png
  artifactKey: Guid(ddc4c3530293adb499df46a1559c28bc) Importer(815301076,1909f56bfc062723c751e8b465ee728b)
Start importing Assets/Simple Icons/Cercle/Amulet_1_Cercle.png using Guid(ddc4c3530293adb499df46a1559c28bc) Importer(815301076,1909f56bfc062723c751e8b465ee728b) [PhysX] Initialized MultithreadedTaskDispatcher with 20 workers.
[PhysX] Initialized MultithreadedTaskDispatcher with 20 workers.
 -> (artifact id: '9b7fb8e1c5e1b7e140dee90e61c37ec8') in 0.020593 seconds
Number of updated asset objects reloaded before import = 0
Number of asset objects unloaded after import = 2
========================================================================
Received Import Request.
  Time since last request: 0.830920 seconds.
  path: Assets/Simple Icons/Cercle/Amulet_2_Cercle.png
  artifactKey: Guid(e2b52e7356b0e8a4c892a4352cbb60cf) Importer(815301076,1909f56bfc062723c751e8b465ee728b)
Start importing Assets/Simple Icons/Cercle/Amulet_2_Cercle.png using Guid(e2b52e7356b0e8a4c892a4352cbb60cf) Importer(815301076,1909f56bfc062723c751e8b465ee728b) [PhysX] Initialized MultithreadedTaskDispatcher with 20 workers.
[PhysX] Initialized MultithreadedTaskDispatcher with 20 workers.
 -> (artifact id: '15489ed34e7f39dc001e36c546e32b3f') in 0.021406 seconds
Number of updated asset objects reloaded before import = 0
Number of asset objects unloaded after import = 2
========================================================================
Received Import Request.
  Time since last request: 0.129708 seconds.
  path: Assets/Simple Icons/Cercle/Amulet_3_Cercle.png
  artifactKey: Guid(7a4a8800639443148ba54fa0b6db7978) Importer(815301076,1909f56bfc062723c751e8b465ee728b)
Start importing Assets/Simple Icons/Cercle/Amulet_3_Cercle.png using Guid(7a4a8800639443148ba54fa0b6db7978) Importer(815301076,1909f56bfc062723c751e8b465ee728b) [PhysX] Initialized MultithreadedTaskDispatcher with 20 workers.
[PhysX] Initialized MultithreadedTaskDispatcher with 20 workers.
 -> (artifact id: '87cdf66fa01334123cdf348117ed4651') in 0.019638 seconds
Number of updated asset objects reloaded before import = 0
Number of asset objects unloaded after import = 2
========================================================================
Received Import Request.
  Time since last request: 0.131411 seconds.
  path: Assets/Simple Icons/Cercle/Armor_1_Cercle.png
  artifactKey: Guid(6a94edf1e8d6a1547ac0934607474931) Importer(815301076,1909f56bfc062723c751e8b465ee728b)
Start importing Assets/Simple Icons/Cercle/Armor_1_Cercle.png using Guid(6a94edf1e8d6a1547ac0934607474931) Importer(815301076,1909f56bfc062723c751e8b465ee728b) [PhysX] Initialized MultithreadedTaskDispatcher with 20 workers.
[PhysX] Initialized MultithreadedTaskDispatcher with 20 workers.
 -> (artifact id: 'b323e4df00486d5274086c993c121ba3') in 0.019633 seconds
Number of updated asset objects reloaded before import = 0
Number of asset objects unloaded after import = 2
========================================================================
Received Import Request.
  Time since last request: 0.158192 seconds.
  path: Assets/Simple Icons/Cercle/Armor_2_Cercle.png
  artifactKey: Guid(67734596debf3c64da2673020d2dae15) Importer(815301076,1909f56bfc062723c751e8b465ee728b)
Start importing Assets/Simple Icons/Cercle/Armor_2_Cercle.png using Guid(67734596debf3c64da2673020d2dae15) Importer(815301076,1909f56bfc062723c751e8b465ee728b) [PhysX] Initialized MultithreadedTaskDispatcher with 20 workers.
[PhysX] Initialized MultithreadedTaskDispatcher with 20 workers.
 -> (artifact id: '30905f38c0e367fe642acb5693d134f2') in 0.019608 seconds
Number of updated asset objects reloaded before import = 0
Number of asset objects unloaded after import = 2
========================================================================
Received Import Request.
  Time since last request: 0.139694 seconds.
  path: Assets/Simple Icons/Cercle/Ax_Cercle.png
  artifactKey: Guid(7ba2105bc50328f469729b351c7c8be6) Importer(815301076,1909f56bfc062723c751e8b465ee728b)
Start importing Assets/Simple Icons/Cercle/Ax_Cercle.png using Guid(7ba2105bc50328f469729b351c7c8be6) Importer(815301076,1909f56bfc062723c751e8b465ee728b) [PhysX] Initialized MultithreadedTaskDispatcher with 20 workers.
[PhysX] Initialized MultithreadedTaskDispatcher with 20 workers.
 -> (artifact id: 'f2524d492440a305c232a5e94e38ea5b') in 0.021124 seconds
Number of updated asset objects reloaded before import = 0
Number of asset objects unloaded after import = 2
========================================================================
Received Import Request.
  Time since last request: 0.137056 seconds.
  path: Assets/Simple Icons/Cercle/Bag_Cercle.png
  artifactKey: Guid(4862fec541767764ca923b377241ee7e) Importer(815301076,1909f56bfc062723c751e8b465ee728b)
Start importing Assets/Simple Icons/Cercle/Bag_Cercle.png using Guid(4862fec541767764ca923b377241ee7e) Importer(815301076,1909f56bfc062723c751e8b465ee728b) [PhysX] Initialized MultithreadedTaskDispatcher with 20 workers.
[PhysX] Initialized MultithreadedTaskDispatcher with 20 workers.
 -> (artifact id: '0c415fe199317b90890c72a99e754c5e') in 0.019089 seconds
Number of updated asset objects reloaded before import = 0
Number of asset objects unloaded after import = 2
========================================================================
Received Import Request.
  Time since last request: 0.140418 seconds.
  path: Assets/Simple Icons/Cercle/Belt_Cercle.png
  artifactKey: Guid(b0e1b1c5a8751844e864a8586d8b97a8) Importer(815301076,1909f56bfc062723c751e8b465ee728b)
Start importing Assets/Simple Icons/Cercle/Belt_Cercle.png using Guid(b0e1b1c5a8751844e864a8586d8b97a8) Importer(815301076,1909f56bfc062723c751e8b465ee728b) [PhysX] Initialized MultithreadedTaskDispatcher with 20 workers.
[PhysX] Initialized MultithreadedTaskDispatcher with 20 workers.
 -> (artifact id: '6c196c9c5c7ddb8177bc9fdee258c44d') in 0.018983 seconds
Number of updated asset objects reloaded before import = 0
Number of asset objects unloaded after import = 2
========================================================================
Received Import Request.
  Time since last request: 0.176440 seconds.
  path: Assets/Simple Icons/Cercle/Book_Cercle.png
  artifactKey: Guid(ea5ee12e5c4e6e4429e6e52eea4d8627) Importer(815301076,1909f56bfc062723c751e8b465ee728b)
Start importing Assets/Simple Icons/Cercle/Book_Cercle.png using Guid(ea5ee12e5c4e6e4429e6e52eea4d8627) Importer(815301076,1909f56bfc062723c751e8b465ee728b) [PhysX] Initialized MultithreadedTaskDispatcher with 20 workers.
[PhysX] Initialized MultithreadedTaskDispatcher with 20 workers.
 -> (artifact id: '80c73041db818add2bfd07b600ec81b1') in 0.018771 seconds
Number of updated asset objects reloaded before import = 0
Number of asset objects unloaded after import = 2
========================================================================
Received Import Request.
  Time since last request: 0.141114 seconds.
  path: Assets/Simple Icons/Cercle/Boot_1_Cercle.png
  artifactKey: Guid(2d76664e223cc8446997124819973abc) Importer(815301076,1909f56bfc062723c751e8b465ee728b)
Start importing Assets/Simple Icons/Cercle/Boot_1_Cercle.png using Guid(2d76664e223cc8446997124819973abc) Importer(815301076,1909f56bfc062723c751e8b465ee728b) [PhysX] Initialized MultithreadedTaskDispatcher with 20 workers.
[PhysX] Initialized MultithreadedTaskDispatcher with 20 workers.
 -> (artifact id: 'de4bda2f7167cbc328ef2424f6c6a4d1') in 0.019555 seconds
Number of updated asset objects reloaded before import = 0
Number of asset objects unloaded after import = 2
========================================================================
Received Import Request.
  Time since last request: 0.181043 seconds.
  path: Assets/Simple Icons/Cercle/Boot_2_Cercle.png
  artifactKey: Guid(cb7624fe235caba43962754ed55d1532) Importer(815301076,1909f56bfc062723c751e8b465ee728b)
Start importing Assets/Simple Icons/Cercle/Boot_2_Cercle.png using Guid(cb7624fe235caba43962754ed55d1532) Importer(815301076,1909f56bfc062723c751e8b465ee728b) [PhysX] Initialized MultithreadedTaskDispatcher with 20 workers.
[PhysX] Initialized MultithreadedTaskDispatcher with 20 workers.
 -> (artifact id: '8b306943a4c0a091e041c0e7824d9ca2') in 0.019772 seconds
Number of updated asset objects reloaded before import = 0
Number of asset objects unloaded after import = 2
========================================================================
Received Import Request.
  Time since last request: 0.202736 seconds.
  path: Assets/Simple Icons/Cercle/Boot_3_Cercle.png
  artifactKey: Guid(ec6984b7b29979a43a3ce3c57c0831d4) Importer(815301076,1909f56bfc062723c751e8b465ee728b)
Start importing Assets/Simple Icons/Cercle/Boot_3_Cercle.png using Guid(ec6984b7b29979a43a3ce3c57c0831d4) Importer(815301076,1909f56bfc062723c751e8b465ee728b) [PhysX] Initialized MultithreadedTaskDispatcher with 20 workers.
[PhysX] Initialized MultithreadedTaskDispatcher with 20 workers.
 -> (artifact id: '16e081ae7ffa70f15573659dbda54afc') in 0.018897 seconds
Number of updated asset objects reloaded before import = 0
Number of asset objects unloaded after import = 2
========================================================================
Received Import Request.
  Time since last request: 0.170714 seconds.
  path: Assets/Simple Icons/Cercle/Bottle_Cercle.png
  artifactKey: Guid(d44baa660cc84014091d6de98255e0f9) Importer(815301076,1909f56bfc062723c751e8b465ee728b)
Start importing Assets/Simple Icons/Cercle/Bottle_Cercle.png using Guid(d44baa660cc84014091d6de98255e0f9) Importer(815301076,1909f56bfc062723c751e8b465ee728b) [PhysX] Initialized MultithreadedTaskDispatcher with 20 workers.
[PhysX] Initialized MultithreadedTaskDispatcher with 20 workers.
 -> (artifact id: '4237688d6803166daf9218e21b32126c') in 0.021412 seconds
Number of updated asset objects reloaded before import = 0
Number of asset objects unloaded after import = 2
========================================================================
Received Import Request.
  Time since last request: 0.129040 seconds.
  path: Assets/Simple Icons/Cercle/Bow_Cercle.png
  artifactKey: Guid(7a39d27cb62eb304e93e03cb7ef8304f) Importer(815301076,1909f56bfc062723c751e8b465ee728b)
Start importing Assets/Simple Icons/Cercle/Bow_Cercle.png using Guid(7a39d27cb62eb304e93e03cb7ef8304f) Importer(815301076,1909f56bfc062723c751e8b465ee728b) [PhysX] Initialized MultithreadedTaskDispatcher with 20 workers.
[PhysX] Initialized MultithreadedTaskDispatcher with 20 workers.
 -> (artifact id: '70f5cf4579e5e2bca9612285239d572f') in 0.020641 seconds
Number of updated asset objects reloaded before import = 0
Number of asset objects unloaded after import = 2
========================================================================
Received Import Request.
  Time since last request: 79.830654 seconds.
  path: Assets/Simple Icons/Cercle/Braser_1_Cercle.png
  artifactKey: Guid(fb83c693e80d3b947a29f7d8cfde74e2) Importer(815301076,1909f56bfc062723c751e8b465ee728b)
Start importing Assets/Simple Icons/Cercle/Braser_1_Cercle.png using Guid(fb83c693e80d3b947a29f7d8cfde74e2) Importer(815301076,1909f56bfc062723c751e8b465ee728b) [PhysX] Initialized MultithreadedTaskDispatcher with 20 workers.
[PhysX] Initialized MultithreadedTaskDispatcher with 20 workers.
 -> (artifact id: '97314a1a833a856fe701243b27abdb5b') in 0.019699 seconds
Number of updated asset objects reloaded before import = 0
Number of asset objects unloaded after import = 2
========================================================================
Received Import Request.
  Time since last request: 0.134018 seconds.
  path: Assets/Simple Icons/Cercle/Braser_2_Cercle.png
  artifactKey: Guid(09ffb180bb13e4047a9610703d1b5f39) Importer(815301076,1909f56bfc062723c751e8b465ee728b)
Start importing Assets/Simple Icons/Cercle/Braser_2_Cercle.png using Guid(09ffb180bb13e4047a9610703d1b5f39) Importer(815301076,1909f56bfc062723c751e8b465ee728b) [PhysX] Initialized MultithreadedTaskDispatcher with 20 workers.
[PhysX] Initialized MultithreadedTaskDispatcher with 20 workers.
 -> (artifact id: 'a90fcba4bb40f5d7f92c2841e93cecee') in 0.018216 seconds
Number of updated asset objects reloaded before import = 0
Number of asset objects unloaded after import = 2
========================================================================
Received Import Request.
  Time since last request: 2.248807 seconds.
  path: Assets/Simple Icons/Cercle/Chest_1_Cercle.png
  artifactKey: Guid(135cedfcc0814994989059df26a0e00e) Importer(815301076,1909f56bfc062723c751e8b465ee728b)
Start importing Assets/Simple Icons/Cercle/Chest_1_Cercle.png using Guid(135cedfcc0814994989059df26a0e00e) Importer(815301076,1909f56bfc062723c751e8b465ee728b) [PhysX] Initialized MultithreadedTaskDispatcher with 20 workers.
[PhysX] Initialized MultithreadedTaskDispatcher with 20 workers.
 -> (artifact id: '93c02e27c3860ca756383495792cf238') in 0.020352 seconds
Number of updated asset objects reloaded before import = 0
Number of asset objects unloaded after import = 2
========================================================================
Received Import Request.
  Time since last request: 0.014342 seconds.
  path: Assets/Simple Icons/Cercle/Chest_2_Cercle.png
  artifactKey: Guid(2c123a03c5afb214eb12e9d50ddd8c22) Importer(815301076,1909f56bfc062723c751e8b465ee728b)
Start importing Assets/Simple Icons/Cercle/Chest_2_Cercle.png using Guid(2c123a03c5afb214eb12e9d50ddd8c22) Importer(815301076,1909f56bfc062723c751e8b465ee728b) [PhysX] Initialized MultithreadedTaskDispatcher with 20 workers.
[PhysX] Initialized MultithreadedTaskDispatcher with 20 workers.
 -> (artifact id: 'ec29fc9deb9b6954a887e2aabb07cd0e') in 0.019507 seconds
Number of updated asset objects reloaded before import = 0
Number of asset objects unloaded after import = 2
========================================================================
Received Import Request.
  Time since last request: 0.016466 seconds.
  path: Assets/Simple Icons/Cercle/Cup_Cercle.png
  artifactKey: Guid(0b6e21236e651df4b826ddba85ea9ddb) Importer(815301076,1909f56bfc062723c751e8b465ee728b)
Start importing Assets/Simple Icons/Cercle/Cup_Cercle.png using Guid(0b6e21236e651df4b826ddba85ea9ddb) Importer(815301076,1909f56bfc062723c751e8b465ee728b) [PhysX] Initialized MultithreadedTaskDispatcher with 20 workers.
[PhysX] Initialized MultithreadedTaskDispatcher with 20 workers.
 -> (artifact id: '936511a708c1967dd0c1c83b9cd182eb') in 0.018760 seconds
Number of updated asset objects reloaded before import = 0
Number of asset objects unloaded after import = 2
========================================================================
Received Import Request.
  Time since last request: 0.020488 seconds.
  path: Assets/Simple Icons/Cercle/Elixir_1_Cercle.png
  artifactKey: Guid(658edfcbbba7f8941b9a9b3bd51c7863) Importer(815301076,1909f56bfc062723c751e8b465ee728b)
Start importing Assets/Simple Icons/Cercle/Elixir_1_Cercle.png using Guid(658edfcbbba7f8941b9a9b3bd51c7863) Importer(815301076,1909f56bfc062723c751e8b465ee728b) [PhysX] Initialized MultithreadedTaskDispatcher with 20 workers.
[PhysX] Initialized MultithreadedTaskDispatcher with 20 workers.
 -> (artifact id: '62de416bdc8ccf3f9bb730aefd8810af') in 0.020194 seconds
Number of updated asset objects reloaded before import = 0
Number of asset objects unloaded after import = 2
========================================================================
Received Import Request.
  Time since last request: 0.014556 seconds.
  path: Assets/Simple Icons/Cercle/Elixir_2_Cercle.png
  artifactKey: Guid(ab87ae9708e81da43ab87eb5a66543d7) Importer(815301076,1909f56bfc062723c751e8b465ee728b)
Start importing Assets/Simple Icons/Cercle/Elixir_2_Cercle.png using Guid(ab87ae9708e81da43ab87eb5a66543d7) Importer(815301076,1909f56bfc062723c751e8b465ee728b) [PhysX] Initialized MultithreadedTaskDispatcher with 20 workers.
[PhysX] Initialized MultithreadedTaskDispatcher with 20 workers.
 -> (artifact id: 'a90149322eac5383862384f56440823e') in 0.017642 seconds
Number of updated asset objects reloaded before import = 0
Number of asset objects unloaded after import = 2
========================================================================
Received Import Request.
  Time since last request: 0.016633 seconds.
  path: Assets/Simple Icons/Cercle/Glove_1_Cercle.png
  artifactKey: Guid(665dbd42d4632664083e3a22f8933665) Importer(815301076,1909f56bfc062723c751e8b465ee728b)
Start importing Assets/Simple Icons/Cercle/Glove_1_Cercle.png using Guid(665dbd42d4632664083e3a22f8933665) Importer(815301076,1909f56bfc062723c751e8b465ee728b) [PhysX] Initialized MultithreadedTaskDispatcher with 20 workers.
[PhysX] Initialized MultithreadedTaskDispatcher with 20 workers.
 -> (artifact id: '125470509f72ceb7300677eb9a339cac') in 0.019780 seconds
Number of updated asset objects reloaded before import = 0
Number of asset objects unloaded after import = 2
========================================================================
Received Import Request.
  Time since last request: 0.016502 seconds.
  path: Assets/Simple Icons/Cercle/Glove_2_Cercle.png
  artifactKey: Guid(5b073c4ddcb401d43bf8fa29c904d359) Importer(815301076,1909f56bfc062723c751e8b465ee728b)
Start importing Assets/Simple Icons/Cercle/Glove_2_Cercle.png using Guid(5b073c4ddcb401d43bf8fa29c904d359) Importer(815301076,1909f56bfc062723c751e8b465ee728b) [PhysX] Initialized MultithreadedTaskDispatcher with 20 workers.
[PhysX] Initialized MultithreadedTaskDispatcher with 20 workers.
 -> (artifact id: 'b6b16670680b274d374d8cae52026e5d') in 0.018674 seconds
Number of updated asset objects reloaded before import = 0
Number of asset objects unloaded after import = 2
========================================================================
Received Import Request.
  Time since last request: 0.014864 seconds.
  path: Assets/Simple Icons/Cercle/Glove_3_Cercle.png
  artifactKey: Guid(510141b3bf47d4c43a60d0abb4c91b85) Importer(815301076,1909f56bfc062723c751e8b465ee728b)
Start importing Assets/Simple Icons/Cercle/Glove_3_Cercle.png using Guid(510141b3bf47d4c43a60d0abb4c91b85) Importer(815301076,1909f56bfc062723c751e8b465ee728b) [PhysX] Initialized MultithreadedTaskDispatcher with 20 workers.
[PhysX] Initialized MultithreadedTaskDispatcher with 20 workers.
 -> (artifact id: 'e0cecae3a2d1906ba06241dab9e0d4ec') in 0.020389 seconds
Number of updated asset objects reloaded before import = 0
Number of asset objects unloaded after import = 2
========================================================================
Received Import Request.
  Time since last request: 0.015300 seconds.
  path: Assets/Simple Icons/Cercle/Helmet_1_Cercle.png
  artifactKey: Guid(e6e63500dd3ab5f458d7232ab0e99fae) Importer(815301076,1909f56bfc062723c751e8b465ee728b)
Start importing Assets/Simple Icons/Cercle/Helmet_1_Cercle.png using Guid(e6e63500dd3ab5f458d7232ab0e99fae) Importer(815301076,1909f56bfc062723c751e8b465ee728b) [PhysX] Initialized MultithreadedTaskDispatcher with 20 workers.
[PhysX] Initialized MultithreadedTaskDispatcher with 20 workers.
 -> (artifact id: 'd0a1f5f4a3f41d05e0a10f80b37db618') in 0.020408 seconds
Number of updated asset objects reloaded before import = 0
Number of asset objects unloaded after import = 2
========================================================================
Received Import Request.
  Time since last request: 0.015534 seconds.
  path: Assets/Simple Icons/Cercle/Helmet_2_Cercle.png
  artifactKey: Guid(655d782fbee6d604eb0f66efdbd67365) Importer(815301076,1909f56bfc062723c751e8b465ee728b)
Start importing Assets/Simple Icons/Cercle/Helmet_2_Cercle.png using Guid(655d782fbee6d604eb0f66efdbd67365) Importer(815301076,1909f56bfc062723c751e8b465ee728b) [PhysX] Initialized MultithreadedTaskDispatcher with 20 workers.
[PhysX] Initialized MultithreadedTaskDispatcher with 20 workers.
 -> (artifact id: '2eeb5b9b4bb8a8c786047fee38ed6e7e') in 0.020601 seconds
Number of updated asset objects reloaded before import = 0
Number of asset objects unloaded after import = 2
========================================================================
Received Import Request.
  Time since last request: 0.017585 seconds.
  path: Assets/Simple Icons/Cercle/Helmet_3_Cercle.png
  artifactKey: Guid(3b8cfe1206e57d947ae336d51b921fa9) Importer(815301076,1909f56bfc062723c751e8b465ee728b)
Start importing Assets/Simple Icons/Cercle/Helmet_3_Cercle.png using Guid(3b8cfe1206e57d947ae336d51b921fa9) Importer(815301076,1909f56bfc062723c751e8b465ee728b) [PhysX] Initialized MultithreadedTaskDispatcher with 20 workers.
[PhysX] Initialized MultithreadedTaskDispatcher with 20 workers.
 -> (artifact id: '424ebf4ed03b763a57bef2b38d723c3a') in 0.019093 seconds
Number of updated asset objects reloaded before import = 0
Number of asset objects unloaded after import = 2
========================================================================
Received Import Request.
  Time since last request: 0.017011 seconds.
  path: Assets/Simple Icons/Cercle/Hourglass_Cercle.png
  artifactKey: Guid(88f2fcd6a42dcf440b672390ba9b3e3a) Importer(815301076,1909f56bfc062723c751e8b465ee728b)
Start importing Assets/Simple Icons/Cercle/Hourglass_Cercle.png using Guid(88f2fcd6a42dcf440b672390ba9b3e3a) Importer(815301076,1909f56bfc062723c751e8b465ee728b) [PhysX] Initialized MultithreadedTaskDispatcher with 20 workers.
[PhysX] Initialized MultithreadedTaskDispatcher with 20 workers.
 -> (artifact id: '10260a410ee32333c386feca15460617') in 0.019738 seconds
Number of updated asset objects reloaded before import = 0
Number of asset objects unloaded after import = 2
========================================================================
Received Import Request.
  Time since last request: 0.015413 seconds.
  path: Assets/Simple Icons/Cercle/Jewel_Cercle.png
  artifactKey: Guid(822a19962081bb941ae0f152040843c5) Importer(815301076,1909f56bfc062723c751e8b465ee728b)
Start importing Assets/Simple Icons/Cercle/Jewel_Cercle.png using Guid(822a19962081bb941ae0f152040843c5) Importer(815301076,1909f56bfc062723c751e8b465ee728b) [PhysX] Initialized MultithreadedTaskDispatcher with 20 workers.
[PhysX] Initialized MultithreadedTaskDispatcher with 20 workers.
 -> (artifact id: '03396a45487d5dbbf0031eb631fa5698') in 0.020339 seconds
Number of updated asset objects reloaded before import = 0
Number of asset objects unloaded after import = 2
========================================================================
Received Import Request.
  Time since last request: 0.017325 seconds.
  path: Assets/Simple Icons/Cercle/Key_Cercle.png
  artifactKey: Guid(5e52db92fd7333842b6ab7fa8898b76f) Importer(815301076,1909f56bfc062723c751e8b465ee728b)
Start importing Assets/Simple Icons/Cercle/Key_Cercle.png using Guid(5e52db92fd7333842b6ab7fa8898b76f) Importer(815301076,1909f56bfc062723c751e8b465ee728b) [PhysX] Initialized MultithreadedTaskDispatcher with 20 workers.
[PhysX] Initialized MultithreadedTaskDispatcher with 20 workers.
 -> (artifact id: '433545a8c8135d076f9fc84d145e4cda') in 0.020249 seconds
Number of updated asset objects reloaded before import = 0
Number of asset objects unloaded after import = 2
========================================================================
Received Import Request.
  Time since last request: 0.721741 seconds.
  path: Assets/Simple Icons/Cercle/Knife_Cercle.png
  artifactKey: Guid(5aa109f1b15dcaf49b05c57d9e810b25) Importer(815301076,1909f56bfc062723c751e8b465ee728b)
Start importing Assets/Simple Icons/Cercle/Knife_Cercle.png using Guid(5aa109f1b15dcaf49b05c57d9e810b25) Importer(815301076,1909f56bfc062723c751e8b465ee728b) [PhysX] Initialized MultithreadedTaskDispatcher with 20 workers.
[PhysX] Initialized MultithreadedTaskDispatcher with 20 workers.
 -> (artifact id: '4a9d4f81c2ce5e2351134c38b7530fc5') in 0.022368 seconds
Number of updated asset objects reloaded before import = 0
Number of asset objects unloaded after import = 2
========================================================================
Received Import Request.
  Time since last request: 0.472582 seconds.
  path: Assets/Simple Icons/Cercle/Mushroom_Cercle.png
  artifactKey: Guid(79de33e8b4fbff241b829b50f146eb5c) Importer(815301076,1909f56bfc062723c751e8b465ee728b)
Start importing Assets/Simple Icons/Cercle/Mushroom_Cercle.png using Guid(79de33e8b4fbff241b829b50f146eb5c) Importer(815301076,1909f56bfc062723c751e8b465ee728b) [PhysX] Initialized MultithreadedTaskDispatcher with 20 workers.
[PhysX] Initialized MultithreadedTaskDispatcher with 20 workers.
 -> (artifact id: 'ee8ec9456c9a4d675459cd0ee578febd') in 0.019862 seconds
Number of updated asset objects reloaded before import = 0
Number of asset objects unloaded after import = 2
========================================================================
Received Import Request.
  Time since last request: 0.015121 seconds.
  path: Assets/Simple Icons/Cercle/Poleax_Cercle.png
  artifactKey: Guid(a3626fa019af7824fb2f07990269eb6b) Importer(815301076,1909f56bfc062723c751e8b465ee728b)
Start importing Assets/Simple Icons/Cercle/Poleax_Cercle.png using Guid(a3626fa019af7824fb2f07990269eb6b) Importer(815301076,1909f56bfc062723c751e8b465ee728b) [PhysX] Initialized MultithreadedTaskDispatcher with 20 workers.
[PhysX] Initialized MultithreadedTaskDispatcher with 20 workers.
 -> (artifact id: '30ae5afc7d9abfad244a06445c2a7a70') in 0.019269 seconds
Number of updated asset objects reloaded before import = 0
Number of asset objects unloaded after import = 2
========================================================================
Received Import Request.
  Time since last request: 0.013297 seconds.
  path: Assets/Simple Icons/Cercle/Ring_1_Cercle.png
  artifactKey: Guid(66d85cf1752bcd94c8647fab012469db) Importer(815301076,1909f56bfc062723c751e8b465ee728b)
Start importing Assets/Simple Icons/Cercle/Ring_1_Cercle.png using Guid(66d85cf1752bcd94c8647fab012469db) Importer(815301076,1909f56bfc062723c751e8b465ee728b) [PhysX] Initialized MultithreadedTaskDispatcher with 20 workers.
[PhysX] Initialized MultithreadedTaskDispatcher with 20 workers.
 -> (artifact id: 'e495d334d794123b2a4983dae9ee513c') in 0.018975 seconds
Number of updated asset objects reloaded before import = 0
Number of asset objects unloaded after import = 2
========================================================================
Received Import Request.
  Time since last request: 0.018489 seconds.
  path: Assets/Simple Icons/Cercle/Ring_2_Cercle.png
  artifactKey: Guid(cdf232b3d64e24a44842abec1099e2f7) Importer(815301076,1909f56bfc062723c751e8b465ee728b)
Start importing Assets/Simple Icons/Cercle/Ring_2_Cercle.png using Guid(cdf232b3d64e24a44842abec1099e2f7) Importer(815301076,1909f56bfc062723c751e8b465ee728b) [PhysX] Initialized MultithreadedTaskDispatcher with 20 workers.
[PhysX] Initialized MultithreadedTaskDispatcher with 20 workers.
 -> (artifact id: '9dbbe781d932785ec5b1ae272dc24c23') in 0.020401 seconds
Number of updated asset objects reloaded before import = 0
Number of asset objects unloaded after import = 2
========================================================================
Received Import Request.
  Time since last request: 0.021058 seconds.
  path: Assets/Simple Icons/Cercle/Saber_Cercle.png
  artifactKey: Guid(995b16ea5e90038458a5df865a888ab9) Importer(815301076,1909f56bfc062723c751e8b465ee728b)
Start importing Assets/Simple Icons/Cercle/Saber_Cercle.png using Guid(995b16ea5e90038458a5df865a888ab9) Importer(815301076,1909f56bfc062723c751e8b465ee728b) [PhysX] Initialized MultithreadedTaskDispatcher with 20 workers.
[PhysX] Initialized MultithreadedTaskDispatcher with 20 workers.
 -> (artifact id: '3b9b562d6b7d2cf1f0f26673bfcf8ad8') in 0.019390 seconds
Number of updated asset objects reloaded before import = 0
Number of asset objects unloaded after import = 2
========================================================================
Received Import Request.
  Time since last request: 0.019859 seconds.
  path: Assets/Simple Icons/Cercle/Scroll_Cercle.png
  artifactKey: Guid(52119c06534ce854889415d70848c1ce) Importer(815301076,1909f56bfc062723c751e8b465ee728b)
Start importing Assets/Simple Icons/Cercle/Scroll_Cercle.png using Guid(52119c06534ce854889415d70848c1ce) Importer(815301076,1909f56bfc062723c751e8b465ee728b) [PhysX] Initialized MultithreadedTaskDispatcher with 20 workers.
[PhysX] Initialized MultithreadedTaskDispatcher with 20 workers.
 -> (artifact id: 'dfac78ee82b35ed5b3c04f1086508306') in 0.018918 seconds
Number of updated asset objects reloaded before import = 0
Number of asset objects unloaded after import = 2
========================================================================
Received Import Request.
  Time since last request: 0.030122 seconds.
  path: Assets/Simple Icons/Cercle/Shield_Cercle.png
  artifactKey: Guid(fefe0d40d00044143b50bf471fbffaab) Importer(815301076,1909f56bfc062723c751e8b465ee728b)
Start importing Assets/Simple Icons/Cercle/Shield_Cercle.png using Guid(fefe0d40d00044143b50bf471fbffaab) Importer(815301076,1909f56bfc062723c751e8b465ee728b) [PhysX] Initialized MultithreadedTaskDispatcher with 20 workers.
[PhysX] Initialized MultithreadedTaskDispatcher with 20 workers.
 -> (artifact id: '646fd1596487a9efecf5694922db7441') in 0.020749 seconds
Number of updated asset objects reloaded before import = 0
Number of asset objects unloaded after import = 2
========================================================================
Received Import Request.
  Time since last request: 7.980454 seconds.
  path: Assets/Simple Icons/Cercle/Sword_Cercle.png
  artifactKey: Guid(9c3447474d3610345aecbba733f54161) Importer(815301076,1909f56bfc062723c751e8b465ee728b)
Start importing Assets/Simple Icons/Cercle/Sword_Cercle.png using Guid(9c3447474d3610345aecbba733f54161) Importer(815301076,1909f56bfc062723c751e8b465ee728b) [PhysX] Initialized MultithreadedTaskDispatcher with 20 workers.
[PhysX] Initialized MultithreadedTaskDispatcher with 20 workers.
 -> (artifact id: '9c4ee2fd89fa493d67f7fb4bcf14072f') in 0.021208 seconds
Number of updated asset objects reloaded before import = 0
Number of asset objects unloaded after import = 2
========================================================================
Received Import Request.
  Time since last request: 0.202076 seconds.
  path: Assets/Simple Icons/Cercle/Wand_Cercle.png
  artifactKey: Guid(7903fed7525db55459c11e6f0475e773) Importer(815301076,1909f56bfc062723c751e8b465ee728b)
Start importing Assets/Simple Icons/Cercle/Wand_Cercle.png using Guid(7903fed7525db55459c11e6f0475e773) Importer(815301076,1909f56bfc062723c751e8b465ee728b) [PhysX] Initialized MultithreadedTaskDispatcher with 20 workers.
[PhysX] Initialized MultithreadedTaskDispatcher with 20 workers.
 -> (artifact id: '680d6f1b7d8f5636cbdca84569d03c15') in 0.021616 seconds
Number of updated asset objects reloaded before import = 0
Number of asset objects unloaded after import = 2
========================================================================
Received Import Request.
  Time since last request: 70.547117 seconds.
  path: Assets/Simple Icons/Cercle_Transparent/Bag_Square_Transparent.png
  artifactKey: Guid(1949b69a56eac444caaf6a4a392acbd9) Importer(815301076,1909f56bfc062723c751e8b465ee728b)
Start importing Assets/Simple Icons/Cercle_Transparent/Bag_Square_Transparent.png using Guid(1949b69a56eac444caaf6a4a392acbd9) Importer(815301076,1909f56bfc062723c751e8b465ee728b) [PhysX] Initialized MultithreadedTaskDispatcher with 20 workers.
[PhysX] Initialized MultithreadedTaskDispatcher with 20 workers.
 -> (artifact id: '63b61de92b60da8dcb2bca84009de124') in 0.019259 seconds
Number of updated asset objects reloaded before import = 0
Number of asset objects unloaded after import = 2
========================================================================
Received Import Request.
  Time since last request: 0.455369 seconds.
  path: Assets/Simple Icons/Cercle_Transparent/Armor_1_Cercle_Transparent.png
  artifactKey: Guid(cfdaada89a0d6814cb025fd6604f07fb) Importer(815301076,1909f56bfc062723c751e8b465ee728b)
Start importing Assets/Simple Icons/Cercle_Transparent/Armor_1_Cercle_Transparent.png using Guid(cfdaada89a0d6814cb025fd6604f07fb) Importer(815301076,1909f56bfc062723c751e8b465ee728b) [PhysX] Initialized MultithreadedTaskDispatcher with 20 workers.
[PhysX] Initialized MultithreadedTaskDispatcher with 20 workers.
 -> (artifact id: '1d94b4edc95a21a4da8a2784f494c8ba') in 0.021292 seconds
Number of updated asset objects reloaded before import = 0
Number of asset objects unloaded after import = 2
========================================================================
Received Import Request.
  Time since last request: 0.225063 seconds.
  path: Assets/Simple Icons/Cercle_Transparent/Amulet_1_Cercle_Transparent.png
  artifactKey: Guid(294946b6eede0a340984b84c767b3442) Importer(815301076,1909f56bfc062723c751e8b465ee728b)
Start importing Assets/Simple Icons/Cercle_Transparent/Amulet_1_Cercle_Transparent.png using Guid(294946b6eede0a340984b84c767b3442) Importer(815301076,1909f56bfc062723c751e8b465ee728b) [PhysX] Initialized MultithreadedTaskDispatcher with 20 workers.
[PhysX] Initialized MultithreadedTaskDispatcher with 20 workers.
 -> (artifact id: 'f456372e16fe5201d9d28bf026244f02') in 0.023998 seconds
Number of updated asset objects reloaded before import = 0
Number of asset objects unloaded after import = 2
========================================================================
Received Import Request.
  Time since last request: 1.112537 seconds.
  path: Assets/Simple Icons/Square/Belt_Square.png
  artifactKey: Guid(12d5a27725708504bb4eb13ed4e0c405) Importer(815301076,1909f56bfc062723c751e8b465ee728b)
Start importing Assets/Simple Icons/Square/Belt_Square.png using Guid(12d5a27725708504bb4eb13ed4e0c405) Importer(815301076,1909f56bfc062723c751e8b465ee728b) [PhysX] Initialized MultithreadedTaskDispatcher with 20 workers.
[PhysX] Initialized MultithreadedTaskDispatcher with 20 workers.
 -> (artifact id: 'bf01d621d82e4e967a2922a1b4adfc76') in 0.024014 seconds
Number of updated asset objects reloaded before import = 0
Number of asset objects unloaded after import = 2
========================================================================
Received Import Request.
  Time since last request: 0.690538 seconds.
  path: Assets/Simple Icons/Square/Braser_2_Square.png
  artifactKey: Guid(e4bc957c105fd9c4daef95a5bd0489d7) Importer(815301076,1909f56bfc062723c751e8b465ee728b)
Start importing Assets/Simple Icons/Square/Braser_2_Square.png using Guid(e4bc957c105fd9c4daef95a5bd0489d7) Importer(815301076,1909f56bfc062723c751e8b465ee728b) [PhysX] Initialized MultithreadedTaskDispatcher with 20 workers.
[PhysX] Initialized MultithreadedTaskDispatcher with 20 workers.
 -> (artifact id: '581455d1215d1738ead74a16f2c30d52') in 0.018380 seconds
Number of updated asset objects reloaded before import = 0
Number of asset objects unloaded after import = 2
========================================================================
Received Import Request.
  Time since last request: 0.277525 seconds.
  path: Assets/Simple Icons/Square/Elixir_1_Square.png
  artifactKey: Guid(c3b3708e1f90186439634828155b566e) Importer(815301076,1909f56bfc062723c751e8b465ee728b)
Start importing Assets/Simple Icons/Square/Elixir_1_Square.png using Guid(c3b3708e1f90186439634828155b566e) Importer(815301076,1909f56bfc062723c751e8b465ee728b) [PhysX] Initialized MultithreadedTaskDispatcher with 20 workers.
[PhysX] Initialized MultithreadedTaskDispatcher with 20 workers.
 -> (artifact id: 'eb0d94ddf1d67766cbdf46d3614ec7d3') in 0.026804 seconds
Number of updated asset objects reloaded before import = 0
Number of asset objects unloaded after import = 2
========================================================================
Received Import Request.
  Time since last request: 2.991363 seconds.
  path: Assets/Simple Icons/Square_Transparent/Bottle_Square_Transparent.png
  artifactKey: Guid(3f0ee9cf956d5dd43ba411f711c43201) Importer(815301076,1909f56bfc062723c751e8b465ee728b)
Start importing Assets/Simple Icons/Square_Transparent/Bottle_Square_Transparent.png using Guid(3f0ee9cf956d5dd43ba411f711c43201) Importer(815301076,1909f56bfc062723c751e8b465ee728b) [PhysX] Initialized MultithreadedTaskDispatcher with 20 workers.
[PhysX] Initialized MultithreadedTaskDispatcher with 20 workers.
 -> (artifact id: '33a552fd46ef34bb2cdf6409b9fbd92f') in 0.021948 seconds
Number of updated asset objects reloaded before import = 0
Number of asset objects unloaded after import = 2
========================================================================
Received Import Request.
  Time since last request: 0.349222 seconds.
  path: Assets/Simple Icons/Square_Transparent/Boot_1_Square_Transparent.png
  artifactKey: Guid(00f5053234db7e249b0705296711626c) Importer(815301076,1909f56bfc062723c751e8b465ee728b)
Start importing Assets/Simple Icons/Square_Transparent/Boot_1_Square_Transparent.png using Guid(00f5053234db7e249b0705296711626c) Importer(815301076,1909f56bfc062723c751e8b465ee728b) [PhysX] Initialized MultithreadedTaskDispatcher with 20 workers.
[PhysX] Initialized MultithreadedTaskDispatcher with 20 workers.
 -> (artifact id: 'b73c1561a223d2900e0f1700fe831558') in 0.019738 seconds
Number of updated asset objects reloaded before import = 0
Number of asset objects unloaded after import = 2
========================================================================
Received Import Request.
  Time since last request: 0.241411 seconds.
  path: Assets/Simple Icons/Square_Transparent/Bag_Square_Transparent.png
  artifactKey: Guid(35792f782f13bd14e8896a0289611934) Importer(815301076,1909f56bfc062723c751e8b465ee728b)
Start importing Assets/Simple Icons/Square_Transparent/Bag_Square_Transparent.png using Guid(35792f782f13bd14e8896a0289611934) Importer(815301076,1909f56bfc062723c751e8b465ee728b) [PhysX] Initialized MultithreadedTaskDispatcher with 20 workers.
[PhysX] Initialized MultithreadedTaskDispatcher with 20 workers.
 -> (artifact id: '988e089cafa3ee4beec19f3c8cb7990b') in 0.018257 seconds
Number of updated asset objects reloaded before import = 0
Number of asset objects unloaded after import = 2
========================================================================
Received Import Request.
  Time since last request: 2.117731 seconds.
  path: Assets/Simple Icons/Square_Transparent/Amulet_2_Square_Transparent.png
  artifactKey: Guid(220d6c04655738b4a899ef445ea62fbc) Importer(815301076,1909f56bfc062723c751e8b465ee728b)
Start importing Assets/Simple Icons/Square_Transparent/Amulet_2_Square_Transparent.png using Guid(220d6c04655738b4a899ef445ea62fbc) Importer(815301076,1909f56bfc062723c751e8b465ee728b) [PhysX] Initialized MultithreadedTaskDispatcher with 20 workers.
[PhysX] Initialized MultithreadedTaskDispatcher with 20 workers.
 -> (artifact id: '49fc946fea4d8fe008253106b7540208') in 0.020933 seconds
Number of updated asset objects reloaded before import = 0
Number of asset objects unloaded after import = 2
========================================================================
Received Import Request.
  Time since last request: 0.738558 seconds.
  path: Assets/Simple Icons/Square_Transparent/Armor_1_Square_Transparent.png
  artifactKey: Guid(f2b0af29f204fa24396d6eded48128a6) Importer(815301076,1909f56bfc062723c751e8b465ee728b)
Start importing Assets/Simple Icons/Square_Transparent/Armor_1_Square_Transparent.png using Guid(f2b0af29f204fa24396d6eded48128a6) Importer(815301076,1909f56bfc062723c751e8b465ee728b) [PhysX] Initialized MultithreadedTaskDispatcher with 20 workers.
[PhysX] Initialized MultithreadedTaskDispatcher with 20 workers.
 -> (artifact id: '5e4dd4ec872c0f9b39577d2da40fcd43') in 0.018347 seconds
Number of updated asset objects reloaded before import = 0
Number of asset objects unloaded after import = 2
========================================================================
Received Import Request.
  Time since last request: 5.237920 seconds.
  path: Assets/Simple Icons/Square_Transparent/Amulet_2_Square_Transparent.png
  artifactKey: Guid(220d6c04655738b4a899ef445ea62fbc) Importer(815301076,1909f56bfc062723c751e8b465ee728b)
Start importing Assets/Simple Icons/Square_Transparent/Amulet_2_Square_Transparent.png using Guid(220d6c04655738b4a899ef445ea62fbc) Importer(815301076,1909f56bfc062723c751e8b465ee728b) [PhysX] Initialized MultithreadedTaskDispatcher with 20 workers.
[PhysX] Initialized MultithreadedTaskDispatcher with 20 workers.
 -> (artifact id: '8e2c2fdecbe5dbe706a609f8f1618ede') in 0.024182 seconds
Number of updated asset objects reloaded before import = 0
Number of asset objects unloaded after import = 3
========================================================================
Received Import Request.
  Time since last request: 23.124305 seconds.
  path: Assets/Simple Icons/Square_Transparent/Amulet_1_Square_Transparent.png
  artifactKey: Guid(83e4c3127b66d3f48a09e87cebd98ccc) Importer(815301076,1909f56bfc062723c751e8b465ee728b)
Start importing Assets/Simple Icons/Square_Transparent/Amulet_1_Square_Transparent.png using Guid(83e4c3127b66d3f48a09e87cebd98ccc) Importer(815301076,1909f56bfc062723c751e8b465ee728b) [PhysX] Initialized MultithreadedTaskDispatcher with 20 workers.
[PhysX] Initialized MultithreadedTaskDispatcher with 20 workers.
 -> (artifact id: 'e2882c93e3d506001165d031c1048ccc') in 0.026277 seconds
Number of updated asset objects reloaded before import = 0
Number of asset objects unloaded after import = 3
========================================================================
Received Import Request.
  Time since last request: 0.011184 seconds.
  path: Assets/Simple Icons/Square_Transparent/Armor_1_Square_Transparent.png
  artifactKey: Guid(f2b0af29f204fa24396d6eded48128a6) Importer(815301076,1909f56bfc062723c751e8b465ee728b)
Start importing Assets/Simple Icons/Square_Transparent/Armor_1_Square_Transparent.png using Guid(f2b0af29f204fa24396d6eded48128a6) Importer(815301076,1909f56bfc062723c751e8b465ee728b) [PhysX] Initialized MultithreadedTaskDispatcher with 20 workers.
[PhysX] Initialized MultithreadedTaskDispatcher with 20 workers.
 -> (artifact id: '12e917bfc912fbf0d9c75d856fcd46b7') in 0.028769 seconds
Number of updated asset objects reloaded before import = 0
Number of asset objects unloaded after import = 3
========================================================================
Received Import Request.
  Time since last request: 0.000030 seconds.
  path: Assets/Simple Icons/Square_Transparent/Chest_1_Square_Transparent.png
  artifactKey: Guid(8cb38f2275ca20e41a56cccc521630e1) Importer(815301076,1909f56bfc062723c751e8b465ee728b)
Start importing Assets/Simple Icons/Square_Transparent/Chest_1_Square_Transparent.png using Guid(8cb38f2275ca20e41a56cccc521630e1) Importer(815301076,1909f56bfc062723c751e8b465ee728b) [PhysX] Initialized MultithreadedTaskDispatcher with 20 workers.
[PhysX] Initialized MultithreadedTaskDispatcher with 20 workers.
 -> (artifact id: '4d9a847eb9b036127ce22ca6b3c90710') in 0.028201 seconds
Number of updated asset objects reloaded before import = 0
Number of asset objects unloaded after import = 3
========================================================================
Received Import Request.
  Time since last request: 0.000076 seconds.
  path: Assets/Simple Icons/Square_Transparent/Elixir_1_Square_Transparent.png
  artifactKey: Guid(a52762b8dbd6e1947b56a2bbf216dccd) Importer(815301076,1909f56bfc062723c751e8b465ee728b)
Start importing Assets/Simple Icons/Square_Transparent/Elixir_1_Square_Transparent.png using Guid(a52762b8dbd6e1947b56a2bbf216dccd) Importer(815301076,1909f56bfc062723c751e8b465ee728b) [PhysX] Initialized MultithreadedTaskDispatcher with 20 workers.
[PhysX] Initialized MultithreadedTaskDispatcher with 20 workers.
 -> (artifact id: '73072475458f7ee5e28d272c7c6403c8') in 0.026723 seconds
Number of updated asset objects reloaded before import = 0
Number of asset objects unloaded after import = 3
========================================================================
Received Import Request.
  Time since last request: 0.000036 seconds.
  path: Assets/Simple Icons/Square_Transparent/Braser_2_Square_Transparent.png
  artifactKey: Guid(1f202ffc7601e6546844704d56fed2b7) Importer(815301076,1909f56bfc062723c751e8b465ee728b)
Start importing Assets/Simple Icons/Square_Transparent/Braser_2_Square_Transparent.png using Guid(1f202ffc7601e6546844704d56fed2b7) Importer(815301076,1909f56bfc062723c751e8b465ee728b) [PhysX] Initialized MultithreadedTaskDispatcher with 20 workers.
[PhysX] Initialized MultithreadedTaskDispatcher with 20 workers.
 -> (artifact id: '3163c622d83843e66bf714acc3802fb8') in 0.026476 seconds
Number of updated asset objects reloaded before import = 0
Number of asset objects unloaded after import = 3
========================================================================
Received Import Request.
  Time since last request: 0.000061 seconds.
  path: Assets/Simple Icons/Square_Transparent/Bottle_Square_Transparent.png
  artifactKey: Guid(3f0ee9cf956d5dd43ba411f711c43201) Importer(815301076,1909f56bfc062723c751e8b465ee728b)
Start importing Assets/Simple Icons/Square_Transparent/Bottle_Square_Transparent.png using Guid(3f0ee9cf956d5dd43ba411f711c43201) Importer(815301076,1909f56bfc062723c751e8b465ee728b) [PhysX] Initialized MultithreadedTaskDispatcher with 20 workers.
[PhysX] Initialized MultithreadedTaskDispatcher with 20 workers.
 -> (artifact id: '7c999a9e53ce84bb87a0926cb27597bd') in 0.027016 seconds
Number of updated asset objects reloaded before import = 0
Number of asset objects unloaded after import = 3
========================================================================
Received Import Request.
  Time since last request: 0.000027 seconds.
  path: Assets/Simple Icons/Square_Transparent/Chest_2_Square_Transparent.png
  artifactKey: Guid(7bcc855601deb7e4aa43d29a71fbd409) Importer(815301076,1909f56bfc062723c751e8b465ee728b)
Start importing Assets/Simple Icons/Square_Transparent/Chest_2_Square_Transparent.png using Guid(7bcc855601deb7e4aa43d29a71fbd409) Importer(815301076,1909f56bfc062723c751e8b465ee728b) [PhysX] Initialized MultithreadedTaskDispatcher with 20 workers.
[PhysX] Initialized MultithreadedTaskDispatcher with 20 workers.
 -> (artifact id: '6f0579c52d4b058c902d19a711248cb8') in 0.024030 seconds
Number of updated asset objects reloaded before import = 0
Number of asset objects unloaded after import = 3
========================================================================
Received Import Request.
  Time since last request: 0.000063 seconds.
  path: Assets/Simple Icons/Square_Transparent/Elixir_2_Square_Transparent.png
  artifactKey: Guid(41fbdf8db5db3544f901a5763fe4cd29) Importer(815301076,1909f56bfc062723c751e8b465ee728b)
Start importing Assets/Simple Icons/Square_Transparent/Elixir_2_Square_Transparent.png using Guid(41fbdf8db5db3544f901a5763fe4cd29) Importer(815301076,1909f56bfc062723c751e8b465ee728b) [PhysX] Initialized MultithreadedTaskDispatcher with 20 workers.
[PhysX] Initialized MultithreadedTaskDispatcher with 20 workers.
 -> (artifact id: 'e0982489a1e9a6cab8d38e16e84a596d') in 0.025826 seconds
Number of updated asset objects reloaded before import = 0
Number of asset objects unloaded after import = 3
========================================================================
Received Import Request.
  Time since last request: 0.000031 seconds.
  path: Assets/RPG_inventory_icons/cloaks.PNG
  artifactKey: Guid(6fc27c9d7fc2d9448af6851bf935e6d2) Importer(815301076,1909f56bfc062723c751e8b465ee728b)
Start importing Assets/RPG_inventory_icons/cloaks.PNG using Guid(6fc27c9d7fc2d9448af6851bf935e6d2) Importer(815301076,1909f56bfc062723c751e8b465ee728b) [PhysX] Initialized MultithreadedTaskDispatcher with 20 workers.
[PhysX] Initialized MultithreadedTaskDispatcher with 20 workers.
 -> (artifact id: '266ffa5acc0a51ab4ba4b5a67251eb3c') in 0.025257 seconds
Number of updated asset objects reloaded before import = 0
Number of asset objects unloaded after import = 3
========================================================================
Received Import Request.
  Time since last request: 0.000080 seconds.
  path: Assets/Simple Icons/Square_Transparent/Boot_1_Square_Transparent.png
  artifactKey: Guid(00f5053234db7e249b0705296711626c) Importer(815301076,1909f56bfc062723c751e8b465ee728b)
Start importing Assets/Simple Icons/Square_Transparent/Boot_1_Square_Transparent.png using Guid(00f5053234db7e249b0705296711626c) Importer(815301076,1909f56bfc062723c751e8b465ee728b) [PhysX] Initialized MultithreadedTaskDispatcher with 20 workers.
[PhysX] Initialized MultithreadedTaskDispatcher with 20 workers.
 -> (artifact id: 'f23e2c8a6a353b1cbe500d16f7dcbb5d') in 0.025937 seconds
Number of updated asset objects reloaded before import = 0
Number of asset objects unloaded after import = 3
========================================================================
Received Import Request.
  Time since last request: 0.000040 seconds.
  path: Assets/Simple Icons/Square_Transparent/Cup_Square_Transparent.png
  artifactKey: Guid(8d99f53f86dd1694785077500775d1a9) Importer(815301076,1909f56bfc062723c751e8b465ee728b)
Start importing Assets/Simple Icons/Square_Transparent/Cup_Square_Transparent.png using Guid(8d99f53f86dd1694785077500775d1a9) Importer(815301076,1909f56bfc062723c751e8b465ee728b) [PhysX] Initialized MultithreadedTaskDispatcher with 20 workers.
[PhysX] Initialized MultithreadedTaskDispatcher with 20 workers.
 -> (artifact id: 'e85d15ab52e74c9f0007954e4dcf3fa5') in 0.032962 seconds
Number of updated asset objects reloaded before import = 0
Number of asset objects unloaded after import = 3
========================================================================
Received Import Request.
  Time since last request: 0.832567 seconds.
  path: Assets/Simple Icons/Square_Transparent/Glove_1_Square_Transparent.png
  artifactKey: Guid(f9ffa3a7bf3a64c44b632fba01d4aff9) Importer(815301076,1909f56bfc062723c751e8b465ee728b)
Start importing Assets/Simple Icons/Square_Transparent/Glove_1_Square_Transparent.png using Guid(f9ffa3a7bf3a64c44b632fba01d4aff9) Importer(815301076,1909f56bfc062723c751e8b465ee728b) [PhysX] Initialized MultithreadedTaskDispatcher with 20 workers.
[PhysX] Initialized MultithreadedTaskDispatcher with 20 workers.
 -> (artifact id: 'c7fac2933aceac3a080fc6844efd24e8') in 0.024770 seconds
Number of updated asset objects reloaded before import = 0
Number of asset objects unloaded after import = 3
========================================================================
Received Import Request.
  Time since last request: 0.004442 seconds.
  path: Assets/Simple Icons/Square_Transparent/Glove_3_Square_Transparent.png
  artifactKey: Guid(7cf6cdcd572a2e74c8e5eac7342fd921) Importer(815301076,1909f56bfc062723c751e8b465ee728b)
Start importing Assets/Simple Icons/Square_Transparent/Glove_3_Square_Transparent.png using Guid(7cf6cdcd572a2e74c8e5eac7342fd921) Importer(815301076,1909f56bfc062723c751e8b465ee728b) [PhysX] Initialized MultithreadedTaskDispatcher with 20 workers.
[PhysX] Initialized MultithreadedTaskDispatcher with 20 workers.
 -> (artifact id: '2b752dc7eb27970b45f1907587dfa8b9') in 0.024881 seconds
Number of updated asset objects reloaded before import = 0
Number of asset objects unloaded after import = 3
========================================================================
Received Import Request.
  Time since last request: 0.000041 seconds.
  path: Assets/Simple Icons/Square_Transparent/Helmet_2_Square_Transparent.png
  artifactKey: Guid(e482e463c419d8e4687760c5a3cb0290) Importer(815301076,1909f56bfc062723c751e8b465ee728b)
Start importing Assets/Simple Icons/Square_Transparent/Helmet_2_Square_Transparent.png using Guid(e482e463c419d8e4687760c5a3cb0290) Importer(815301076,1909f56bfc062723c751e8b465ee728b) [PhysX] Initialized MultithreadedTaskDispatcher with 20 workers.
[PhysX] Initialized MultithreadedTaskDispatcher with 20 workers.
 -> (artifact id: '7accadc450899f2890b50f03302e6a40') in 0.028580 seconds
Number of updated asset objects reloaded before import = 0
Number of asset objects unloaded after import = 3
========================================================================
Received Import Request.
  Time since last request: 0.000025 seconds.
  path: Assets/Simple Icons/Square_Transparent/Hourglass_Square_Transparent.png
  artifactKey: Guid(d99c0e72849aea849b6bb8f2770f48af) Importer(815301076,1909f56bfc062723c751e8b465ee728b)
Start importing Assets/Simple Icons/Square_Transparent/Hourglass_Square_Transparent.png using Guid(d99c0e72849aea849b6bb8f2770f48af) Importer(815301076,1909f56bfc062723c751e8b465ee728b) [PhysX] Initialized MultithreadedTaskDispatcher with 20 workers.
[PhysX] Initialized MultithreadedTaskDispatcher with 20 workers.
 -> (artifact id: 'ed06cfbd93c4c5dd0fa6789f450fdefc') in 0.031313 seconds
Number of updated asset objects reloaded before import = 0
Number of asset objects unloaded after import = 3
========================================================================
Received Import Request.
  Time since last request: 0.000041 seconds.
  path: Assets/Simple Icons/Square_Transparent/Key_Square_Transparent.png
  artifactKey: Guid(7ac03eb237ec82749b2e560b4ce16bfc) Importer(815301076,1909f56bfc062723c751e8b465ee728b)
Start importing Assets/Simple Icons/Square_Transparent/Key_Square_Transparent.png using Guid(7ac03eb237ec82749b2e560b4ce16bfc) Importer(815301076,1909f56bfc062723c751e8b465ee728b) [PhysX] Initialized MultithreadedTaskDispatcher with 20 workers.
[PhysX] Initialized MultithreadedTaskDispatcher with 20 workers.
 -> (artifact id: '47c5fbf2866ccd8a87f891a1ea6e1960') in 0.032788 seconds
Number of updated asset objects reloaded before import = 0
Number of asset objects unloaded after import = 3
========================================================================
Received Import Request.
  Time since last request: 0.103373 seconds.
  path: Assets/Simple Icons/Square_Transparent/Mushroom_Square_Transparent.png
  artifactKey: Guid(89463d082a4bcfa409427a7f7d62af21) Importer(815301076,1909f56bfc062723c751e8b465ee728b)
Start importing Assets/Simple Icons/Square_Transparent/Mushroom_Square_Transparent.png using Guid(89463d082a4bcfa409427a7f7d62af21) Importer(815301076,1909f56bfc062723c751e8b465ee728b) [PhysX] Initialized MultithreadedTaskDispatcher with 20 workers.
[PhysX] Initialized MultithreadedTaskDispatcher with 20 workers.
 -> (artifact id: '751c0eb2fab8da91e5cf8b82f1296064') in 0.026291 seconds
Number of updated asset objects reloaded before import = 0
Number of asset objects unloaded after import = 3
========================================================================
Received Import Request.
  Time since last request: 0.000033 seconds.
  path: Assets/Simple Icons/Square_Transparent/Ring_2_Square_Transparent.png
  artifactKey: Guid(2eb337965aa924045b5b6490baff5176) Importer(815301076,1909f56bfc062723c751e8b465ee728b)
Start importing Assets/Simple Icons/Square_Transparent/Ring_2_Square_Transparent.png using Guid(2eb337965aa924045b5b6490baff5176) Importer(815301076,1909f56bfc062723c751e8b465ee728b) [PhysX] Initialized MultithreadedTaskDispatcher with 20 workers.
[PhysX] Initialized MultithreadedTaskDispatcher with 20 workers.
 -> (artifact id: '7dbcf81e4459b6a523d68f579b8c8459') in 0.028164 seconds
Number of updated asset objects reloaded before import = 0
Number of asset objects unloaded after import = 3
========================================================================
Received Import Request.
  Time since last request: 0.000027 seconds.
  path: Assets/Simple Icons/Square_Transparent/Scroll_Square_Transparent.png
  artifactKey: Guid(5421e90cce8ac6343bda593946e22230) Importer(815301076,1909f56bfc062723c751e8b465ee728b)
Start importing Assets/Simple Icons/Square_Transparent/Scroll_Square_Transparent.png using Guid(5421e90cce8ac6343bda593946e22230) Importer(815301076,1909f56bfc062723c751e8b465ee728b) [PhysX] Initialized MultithreadedTaskDispatcher with 20 workers.
[PhysX] Initialized MultithreadedTaskDispatcher with 20 workers.
 -> (artifact id: '6a462fa3d35a20151556ff682fd15b7d') in 0.027272 seconds
Number of updated asset objects reloaded before import = 0
Number of asset objects unloaded after import = 3
========================================================================
Received Import Request.
  Time since last request: 0.000036 seconds.
  path: Assets/Simple Icons/Square_Transparent/Shield_Square_Transparent.png
  artifactKey: Guid(f0f72c32c060cda48a3b4f0363df0060) Importer(815301076,1909f56bfc062723c751e8b465ee728b)
Start importing Assets/Simple Icons/Square_Transparent/Shield_Square_Transparent.png using Guid(f0f72c32c060cda48a3b4f0363df0060) Importer(815301076,1909f56bfc062723c751e8b465ee728b) [PhysX] Initialized MultithreadedTaskDispatcher with 20 workers.
[PhysX] Initialized MultithreadedTaskDispatcher with 20 workers.
 -> (artifact id: '69992129b2783ec13aeec9d29bb5a3f4') in 0.030384 seconds
Number of updated asset objects reloaded before import = 0
Number of asset objects unloaded after import = 3
========================================================================
Received Import Request.
  Time since last request: 0.000053 seconds.
  path: Assets/Simple Icons/Square_Transparent/Sword_Square_Transparent.png
  artifactKey: Guid(5774eefaa55a8674da9c05f778e63288) Importer(815301076,1909f56bfc062723c751e8b465ee728b)
Start importing Assets/Simple Icons/Square_Transparent/Sword_Square_Transparent.png using Guid(5774eefaa55a8674da9c05f778e63288) Importer(815301076,1909f56bfc062723c751e8b465ee728b) [PhysX] Initialized MultithreadedTaskDispatcher with 20 workers.
[PhysX] Initialized MultithreadedTaskDispatcher with 20 workers.
 -> (artifact id: '37bc477f6cb49c6d5085ff82808a3777') in 0.029011 seconds
Number of updated asset objects reloaded before import = 0
Number of asset objects unloaded after import = 3
Editor requested this worker to shutdown with reason: Scaling down because of idle timeout
TcpMessagingSession - receive error: operation aborted. errorcode: 995, details: Bir i parac k veya bir uygulama istei nedeniyle G/ ilemi iptal edildi.
AssetImportWorker is now disconnected from the server
Process exiting
Exiting without the bug reporter. Application will terminate with return code 0